[2026-06-17T09:13:23.872+0000] {local_task_job_runner.py:120} INFO - ::group::Pre task execution logs
[2026-06-17T09:13:23.923+0000] {taskinstance.py:2076} INFO - Dependencies all met for dep_context=non-requeueable deps ti=<TaskInstance: krisha_pipeline.run_parser manual__2026-06-17T09:08:21.193267+00:00 [queued]>
[2026-06-17T09:13:23.936+0000] {taskinstance.py:2076} INFO - Dependencies all met for dep_context=requeueable deps ti=<TaskInstance: krisha_pipeline.run_parser manual__2026-06-17T09:08:21.193267+00:00 [queued]>
[2026-06-17T09:13:23.938+0000] {taskinstance.py:2306} INFO - Starting attempt 2 of 2
[2026-06-17T09:13:23.963+0000] {taskinstance.py:2330} INFO - Executing <Task(BashOperator): run_parser> on 2026-06-17 09:08:21.193267+00:00
[2026-06-17T09:13:23.973+0000] {standard_task_runner.py:90} INFO - Running: ['***', 'tasks', 'run', 'krisha_pipeline', 'run_parser', 'manual__2026-06-17T09:08:21.193267+00:00', '--job-id', '47', '--raw', '--subdir', 'DAGS_FOLDER/krisha_pipeline.py', '--cfg-path', '/tmp/tmpyc6m7u1e']
[2026-06-17T09:13:23.977+0000] {standard_task_runner.py:91} INFO - Job 47: Subtask run_parser
[2026-06-17T09:13:23.979+0000] {logging_mixin.py:188} WARNING - /home/***/.local/lib/python3.12/site-packages/***/task/task_runner/standard_task_runner.py:61 DeprecationWarning: This process (pid=659) is multi-threaded, use of fork() may lead to deadlocks in the child.
[2026-06-17T09:13:23.980+0000] {standard_task_runner.py:63} INFO - Started process 660 to run task
[2026-06-17T09:13:24.054+0000] {task_command.py:426} INFO - Running <TaskInstance: krisha_pipeline.run_parser manual__2026-06-17T09:08:21.193267+00:00 [running]> on host a5ab79f1db45
[2026-06-17T09:13:24.188+0000] {taskinstance.py:2648} INFO - Exporting env vars: AIRFLOW_CTX_DAG_OWNER='***' AIRFLOW_CTX_DAG_ID='krisha_pipeline' AIRFLOW_CTX_TASK_ID='run_parser' AIRFLOW_CTX_EXECUTION_DATE='2026-06-17T09:08:21.193267+00:00' AIRFLOW_CTX_TRY_NUMBER='2' AIRFLOW_CTX_DAG_RUN_ID='manual__2026-06-17T09:08:21.193267+00:00'
[2026-06-17T09:13:24.190+0000] {taskinstance.py:430} INFO - ::endgroup::
[2026-06-17T09:13:24.213+0000] {subprocess.py:63} INFO - Tmp dir root location: /tmp
[2026-06-17T09:13:24.215+0000] {subprocess.py:75} INFO - Running command: ['/usr/bin/bash', '-c', 'docker run --rm -v krisha-data:/data krisha-parser:latest --output-dir /data --max-pages 50 --delay 2.0']
[2026-06-17T09:13:24.232+0000] {subprocess.py:86} INFO - Output:
[2026-06-17T09:13:24.259+0000] {subprocess.py:93} INFO - docker: Cannot connect to the Docker daemon at unix:///var/run/docker.sock. Is the docker daemon running?.
[2026-06-17T09:13:24.260+0000] {subprocess.py:93} INFO - See 'docker run --help'.
[2026-06-17T09:13:24.265+0000] {subprocess.py:97} INFO - Command exited with return code 125
[2026-06-17T09:13:24.266+0000] {taskinstance.py:441} INFO - ::group::Post task execution logs
[2026-06-17T09:13:24.287+0000] {taskinstance.py:2905} ERROR - Task failed with exception
Traceback (most recent call last):
  File "/home/airflow/.local/lib/python3.12/site-packages/airflow/models/taskinstance.py", line 460, in _execute_task
    result = _execute_callable(context=context, **execute_callable_kwargs)
             ^^^^^^^^^^^^^^^^^^^^^^^^^^^^^^^^^^^^^^^^^^^^^^^^^^^^^^^^^^^^^
  File "/home/airflow/.local/lib/python3.12/site-packages/airflow/models/taskinstance.py", line 432, in _execute_callable
    return execute_callable(context=context, **execute_callable_kwargs)
           ^^^^^^^^^^^^^^^^^^^^^^^^^^^^^^^^^^^^^^^^^^^^^^^^^^^^^^^^^^^^
  File "/home/airflow/.local/lib/python3.12/site-packages/airflow/models/baseoperator.py", line 400, in wrapper
    return func(self, *args, **kwargs)
           ^^^^^^^^^^^^^^^^^^^^^^^^^^^
  File "/home/airflow/.local/lib/python3.12/site-packages/airflow/operators/bash.py", line 243, in execute
    raise AirflowException(
airflow.exceptions.AirflowException: Bash command failed. The command returned a non-zero exit code 125.
[2026-06-17T09:13:24.294+0000] {taskinstance.py:1206} INFO - Marking task as FAILED. dag_id=krisha_pipeline, task_id=run_parser, run_id=manual__2026-06-17T09:08:21.193267+00:00, execution_date=20260617T090821, start_date=20260617T091323, end_date=20260617T091324
[2026-06-17T09:13:24.326+0000] {standard_task_runner.py:110} ERROR - Failed to execute job 47 for task run_parser (Bash command failed. The command returned a non-zero exit code 125.; 660)
[2026-06-17T09:13:24.357+0000] {local_task_job_runner.py:240} INFO - Task exited with return code 1
[2026-06-17T09:13:24.422+0000] {taskinstance.py:3498} INFO - 0 downstream tasks scheduled from follow-on schedule check
[2026-06-17T09:13:24.434+0000] {local_task_job_runner.py:222} INFO - ::endgroup::
