[2026-06-19T06:15:48.727+0000] {processor.py:161} INFO - Started process (PID=5350) to work on /opt/airflow/dags/krisha_pipeline.py
[2026-06-19T06:15:48.732+0000] {processor.py:830} INFO - Processing file /opt/airflow/dags/krisha_pipeline.py for tasks to queue
[2026-06-19T06:15:48.735+0000] {logging_mixin.py:188} INFO - [2026-06-19T06:15:48.734+0000] {dagbag.py:545} INFO - Filling up the DagBag from /opt/airflow/dags/krisha_pipeline.py
[2026-06-19T06:15:48.886+0000] {processor.py:840} INFO - DAG(s) 'krisha_pipeline' retrieved from /opt/airflow/dags/krisha_pipeline.py
[2026-06-19T06:15:49.003+0000] {logging_mixin.py:188} INFO - [2026-06-19T06:15:49.002+0000] {dag.py:3096} INFO - Sync 1 DAGs
[2026-06-19T06:15:49.117+0000] {logging_mixin.py:188} INFO - [2026-06-19T06:15:49.116+0000] {dag.py:3954} INFO - Setting next_dagrun for krisha_pipeline to 2026-06-18 02:00:00+00:00, run_after=2026-06-19 02:00:00+00:00
[2026-06-19T06:15:49.285+0000] {processor.py:183} INFO - Processing /opt/airflow/dags/krisha_pipeline.py took 0.592 seconds
[2026-06-19T06:16:19.791+0000] {processor.py:161} INFO - Started process (PID=5359) to work on /opt/airflow/dags/krisha_pipeline.py
[2026-06-19T06:16:19.793+0000] {processor.py:830} INFO - Processing file /opt/airflow/dags/krisha_pipeline.py for tasks to queue
[2026-06-19T06:16:19.794+0000] {logging_mixin.py:188} INFO - [2026-06-19T06:16:19.794+0000] {dagbag.py:545} INFO - Filling up the DagBag from /opt/airflow/dags/krisha_pipeline.py
[2026-06-19T06:16:19.830+0000] {processor.py:840} INFO - DAG(s) 'krisha_pipeline' retrieved from /opt/airflow/dags/krisha_pipeline.py
[2026-06-19T06:16:19.860+0000] {logging_mixin.py:188} INFO - [2026-06-19T06:16:19.860+0000] {dag.py:3096} INFO - Sync 1 DAGs
[2026-06-19T06:16:19.887+0000] {logging_mixin.py:188} INFO - [2026-06-19T06:16:19.886+0000] {dag.py:3954} INFO - Setting next_dagrun for krisha_pipeline to 2026-06-19 02:00:00+00:00, run_after=2026-06-20 02:00:00+00:00
[2026-06-19T06:16:19.913+0000] {processor.py:183} INFO - Processing /opt/airflow/dags/krisha_pipeline.py took 0.130 seconds
[2026-06-19T06:16:50.100+0000] {processor.py:161} INFO - Started process (PID=5364) to work on /opt/airflow/dags/krisha_pipeline.py
[2026-06-19T06:16:50.102+0000] {processor.py:830} INFO - Processing file /opt/airflow/dags/krisha_pipeline.py for tasks to queue
[2026-06-19T06:16:50.104+0000] {logging_mixin.py:188} INFO - [2026-06-19T06:16:50.103+0000] {dagbag.py:545} INFO - Filling up the DagBag from /opt/airflow/dags/krisha_pipeline.py
[2026-06-19T06:16:50.176+0000] {processor.py:840} INFO - DAG(s) 'krisha_pipeline' retrieved from /opt/airflow/dags/krisha_pipeline.py
[2026-06-19T06:16:50.246+0000] {logging_mixin.py:188} INFO - [2026-06-19T06:16:50.245+0000] {dag.py:3096} INFO - Sync 1 DAGs
[2026-06-19T06:16:50.317+0000] {logging_mixin.py:188} INFO - [2026-06-19T06:16:50.316+0000] {dag.py:3954} INFO - Setting next_dagrun for krisha_pipeline to 2026-06-19 02:00:00+00:00, run_after=2026-06-20 02:00:00+00:00
[2026-06-19T06:16:50.393+0000] {processor.py:183} INFO - Processing /opt/airflow/dags/krisha_pipeline.py took 0.325 seconds
[2026-06-19T06:17:20.558+0000] {processor.py:161} INFO - Started process (PID=5369) to work on /opt/airflow/dags/krisha_pipeline.py
[2026-06-19T06:17:20.560+0000] {processor.py:830} INFO - Processing file /opt/airflow/dags/krisha_pipeline.py for tasks to queue
[2026-06-19T06:17:20.561+0000] {logging_mixin.py:188} INFO - [2026-06-19T06:17:20.561+0000] {dagbag.py:545} INFO - Filling up the DagBag from /opt/airflow/dags/krisha_pipeline.py
[2026-06-19T06:17:20.623+0000] {processor.py:840} INFO - DAG(s) 'krisha_pipeline' retrieved from /opt/airflow/dags/krisha_pipeline.py
[2026-06-19T06:17:20.684+0000] {logging_mixin.py:188} INFO - [2026-06-19T06:17:20.683+0000] {dag.py:3096} INFO - Sync 1 DAGs
[2026-06-19T06:17:20.727+0000] {logging_mixin.py:188} INFO - [2026-06-19T06:17:20.726+0000] {dag.py:3954} INFO - Setting next_dagrun for krisha_pipeline to 2026-06-19 02:00:00+00:00, run_after=2026-06-20 02:00:00+00:00
[2026-06-19T06:17:20.761+0000] {processor.py:183} INFO - Processing /opt/airflow/dags/krisha_pipeline.py took 0.221 seconds
[2026-06-19T06:17:51.073+0000] {processor.py:161} INFO - Started process (PID=5374) to work on /opt/airflow/dags/krisha_pipeline.py
[2026-06-19T06:17:51.075+0000] {processor.py:830} INFO - Processing file /opt/airflow/dags/krisha_pipeline.py for tasks to queue
[2026-06-19T06:17:51.078+0000] {logging_mixin.py:188} INFO - [2026-06-19T06:17:51.078+0000] {dagbag.py:545} INFO - Filling up the DagBag from /opt/airflow/dags/krisha_pipeline.py
[2026-06-19T06:17:51.133+0000] {processor.py:840} INFO - DAG(s) 'krisha_pipeline' retrieved from /opt/airflow/dags/krisha_pipeline.py
[2026-06-19T06:17:51.194+0000] {logging_mixin.py:188} INFO - [2026-06-19T06:17:51.193+0000] {dag.py:3096} INFO - Sync 1 DAGs
[2026-06-19T06:17:51.248+0000] {logging_mixin.py:188} INFO - [2026-06-19T06:17:51.248+0000] {dag.py:3954} INFO - Setting next_dagrun for krisha_pipeline to 2026-06-19 02:00:00+00:00, run_after=2026-06-20 02:00:00+00:00
[2026-06-19T06:17:51.306+0000] {processor.py:183} INFO - Processing /opt/airflow/dags/krisha_pipeline.py took 0.249 seconds
[2026-06-19T06:18:21.625+0000] {processor.py:161} INFO - Started process (PID=5379) to work on /opt/airflow/dags/krisha_pipeline.py
[2026-06-19T06:18:21.626+0000] {processor.py:830} INFO - Processing file /opt/airflow/dags/krisha_pipeline.py for tasks to queue
[2026-06-19T06:18:21.628+0000] {logging_mixin.py:188} INFO - [2026-06-19T06:18:21.627+0000] {dagbag.py:545} INFO - Filling up the DagBag from /opt/airflow/dags/krisha_pipeline.py
[2026-06-19T06:18:21.668+0000] {processor.py:840} INFO - DAG(s) 'krisha_pipeline' retrieved from /opt/airflow/dags/krisha_pipeline.py
[2026-06-19T06:18:21.716+0000] {logging_mixin.py:188} INFO - [2026-06-19T06:18:21.716+0000] {dag.py:3096} INFO - Sync 1 DAGs
[2026-06-19T06:18:21.755+0000] {logging_mixin.py:188} INFO - [2026-06-19T06:18:21.754+0000] {dag.py:3954} INFO - Setting next_dagrun for krisha_pipeline to 2026-06-19 02:00:00+00:00, run_after=2026-06-20 02:00:00+00:00
[2026-06-19T06:18:21.816+0000] {processor.py:183} INFO - Processing /opt/airflow/dags/krisha_pipeline.py took 0.210 seconds
[2026-06-19T06:18:52.043+0000] {processor.py:161} INFO - Started process (PID=5384) to work on /opt/airflow/dags/krisha_pipeline.py
[2026-06-19T06:18:52.044+0000] {processor.py:830} INFO - Processing file /opt/airflow/dags/krisha_pipeline.py for tasks to queue
[2026-06-19T06:18:52.046+0000] {logging_mixin.py:188} INFO - [2026-06-19T06:18:52.046+0000] {dagbag.py:545} INFO - Filling up the DagBag from /opt/airflow/dags/krisha_pipeline.py
[2026-06-19T06:18:52.082+0000] {processor.py:840} INFO - DAG(s) 'krisha_pipeline' retrieved from /opt/airflow/dags/krisha_pipeline.py
[2026-06-19T06:18:52.128+0000] {logging_mixin.py:188} INFO - [2026-06-19T06:18:52.128+0000] {dag.py:3096} INFO - Sync 1 DAGs
[2026-06-19T06:18:52.170+0000] {logging_mixin.py:188} INFO - [2026-06-19T06:18:52.170+0000] {dag.py:3954} INFO - Setting next_dagrun for krisha_pipeline to 2026-06-19 02:00:00+00:00, run_after=2026-06-20 02:00:00+00:00
[2026-06-19T06:18:52.200+0000] {processor.py:183} INFO - Processing /opt/airflow/dags/krisha_pipeline.py took 0.166 seconds
[2026-06-19T06:19:22.377+0000] {processor.py:161} INFO - Started process (PID=5389) to work on /opt/airflow/dags/krisha_pipeline.py
[2026-06-19T06:19:22.378+0000] {processor.py:830} INFO - Processing file /opt/airflow/dags/krisha_pipeline.py for tasks to queue
[2026-06-19T06:19:22.380+0000] {logging_mixin.py:188} INFO - [2026-06-19T06:19:22.379+0000] {dagbag.py:545} INFO - Filling up the DagBag from /opt/airflow/dags/krisha_pipeline.py
[2026-06-19T06:19:22.415+0000] {processor.py:840} INFO - DAG(s) 'krisha_pipeline' retrieved from /opt/airflow/dags/krisha_pipeline.py
[2026-06-19T06:19:22.452+0000] {logging_mixin.py:188} INFO - [2026-06-19T06:19:22.451+0000] {dag.py:3096} INFO - Sync 1 DAGs
[2026-06-19T06:19:22.493+0000] {logging_mixin.py:188} INFO - [2026-06-19T06:19:22.492+0000] {dag.py:3954} INFO - Setting next_dagrun for krisha_pipeline to 2026-06-19 02:00:00+00:00, run_after=2026-06-20 02:00:00+00:00
[2026-06-19T06:19:22.521+0000] {processor.py:183} INFO - Processing /opt/airflow/dags/krisha_pipeline.py took 0.154 seconds
[2026-06-19T06:19:52.597+0000] {processor.py:161} INFO - Started process (PID=5394) to work on /opt/airflow/dags/krisha_pipeline.py
[2026-06-19T06:19:52.598+0000] {processor.py:830} INFO - Processing file /opt/airflow/dags/krisha_pipeline.py for tasks to queue
[2026-06-19T06:19:52.600+0000] {logging_mixin.py:188} INFO - [2026-06-19T06:19:52.599+0000] {dagbag.py:545} INFO - Filling up the DagBag from /opt/airflow/dags/krisha_pipeline.py
[2026-06-19T06:19:52.630+0000] {processor.py:840} INFO - DAG(s) 'krisha_pipeline' retrieved from /opt/airflow/dags/krisha_pipeline.py
[2026-06-19T06:19:52.665+0000] {logging_mixin.py:188} INFO - [2026-06-19T06:19:52.665+0000] {dag.py:3096} INFO - Sync 1 DAGs
[2026-06-19T06:19:52.698+0000] {logging_mixin.py:188} INFO - [2026-06-19T06:19:52.697+0000] {dag.py:3954} INFO - Setting next_dagrun for krisha_pipeline to 2026-06-19 02:00:00+00:00, run_after=2026-06-20 02:00:00+00:00
[2026-06-19T06:19:52.728+0000] {processor.py:183} INFO - Processing /opt/airflow/dags/krisha_pipeline.py took 0.141 seconds
[2026-06-19T06:20:22.915+0000] {processor.py:161} INFO - Started process (PID=5399) to work on /opt/airflow/dags/krisha_pipeline.py
[2026-06-19T06:20:22.917+0000] {processor.py:830} INFO - Processing file /opt/airflow/dags/krisha_pipeline.py for tasks to queue
[2026-06-19T06:20:22.918+0000] {logging_mixin.py:188} INFO - [2026-06-19T06:20:22.918+0000] {dagbag.py:545} INFO - Filling up the DagBag from /opt/airflow/dags/krisha_pipeline.py
[2026-06-19T06:20:22.950+0000] {processor.py:840} INFO - DAG(s) 'krisha_pipeline' retrieved from /opt/airflow/dags/krisha_pipeline.py
[2026-06-19T06:20:22.982+0000] {logging_mixin.py:188} INFO - [2026-06-19T06:20:22.981+0000] {dag.py:3096} INFO - Sync 1 DAGs
[2026-06-19T06:20:23.007+0000] {logging_mixin.py:188} INFO - [2026-06-19T06:20:23.007+0000] {dag.py:3954} INFO - Setting next_dagrun for krisha_pipeline to 2026-06-19 02:00:00+00:00, run_after=2026-06-20 02:00:00+00:00
[2026-06-19T06:20:23.035+0000] {processor.py:183} INFO - Processing /opt/airflow/dags/krisha_pipeline.py took 0.130 seconds
[2026-06-19T06:20:53.243+0000] {processor.py:161} INFO - Started process (PID=5404) to work on /opt/airflow/dags/krisha_pipeline.py
[2026-06-19T06:20:53.244+0000] {processor.py:830} INFO - Processing file /opt/airflow/dags/krisha_pipeline.py for tasks to queue
[2026-06-19T06:20:53.245+0000] {logging_mixin.py:188} INFO - [2026-06-19T06:20:53.245+0000] {dagbag.py:545} INFO - Filling up the DagBag from /opt/airflow/dags/krisha_pipeline.py
[2026-06-19T06:20:53.309+0000] {processor.py:840} INFO - DAG(s) 'krisha_pipeline' retrieved from /opt/airflow/dags/krisha_pipeline.py
[2026-06-19T06:20:53.353+0000] {logging_mixin.py:188} INFO - [2026-06-19T06:20:53.353+0000] {dag.py:3096} INFO - Sync 1 DAGs
[2026-06-19T06:20:53.387+0000] {logging_mixin.py:188} INFO - [2026-06-19T06:20:53.387+0000] {dag.py:3954} INFO - Setting next_dagrun for krisha_pipeline to 2026-06-19 02:00:00+00:00, run_after=2026-06-20 02:00:00+00:00
[2026-06-19T06:20:53.423+0000] {processor.py:183} INFO - Processing /opt/airflow/dags/krisha_pipeline.py took 0.198 seconds
[2026-06-19T06:21:23.656+0000] {processor.py:161} INFO - Started process (PID=5409) to work on /opt/airflow/dags/krisha_pipeline.py
[2026-06-19T06:21:23.657+0000] {processor.py:830} INFO - Processing file /opt/airflow/dags/krisha_pipeline.py for tasks to queue
[2026-06-19T06:21:23.659+0000] {logging_mixin.py:188} INFO - [2026-06-19T06:21:23.658+0000] {dagbag.py:545} INFO - Filling up the DagBag from /opt/airflow/dags/krisha_pipeline.py
[2026-06-19T06:21:23.703+0000] {processor.py:840} INFO - DAG(s) 'krisha_pipeline' retrieved from /opt/airflow/dags/krisha_pipeline.py
[2026-06-19T06:21:23.747+0000] {logging_mixin.py:188} INFO - [2026-06-19T06:21:23.746+0000] {dag.py:3096} INFO - Sync 1 DAGs
[2026-06-19T06:21:23.794+0000] {logging_mixin.py:188} INFO - [2026-06-19T06:21:23.794+0000] {dag.py:3954} INFO - Setting next_dagrun for krisha_pipeline to 2026-06-19 02:00:00+00:00, run_after=2026-06-20 02:00:00+00:00
[2026-06-19T06:21:23.833+0000] {processor.py:183} INFO - Processing /opt/airflow/dags/krisha_pipeline.py took 0.193 seconds
[2026-06-19T06:21:54.122+0000] {processor.py:161} INFO - Started process (PID=5414) to work on /opt/airflow/dags/krisha_pipeline.py
[2026-06-19T06:21:54.124+0000] {processor.py:830} INFO - Processing file /opt/airflow/dags/krisha_pipeline.py for tasks to queue
[2026-06-19T06:21:54.128+0000] {logging_mixin.py:188} INFO - [2026-06-19T06:21:54.126+0000] {dagbag.py:545} INFO - Filling up the DagBag from /opt/airflow/dags/krisha_pipeline.py
[2026-06-19T06:21:54.187+0000] {processor.py:840} INFO - DAG(s) 'krisha_pipeline' retrieved from /opt/airflow/dags/krisha_pipeline.py
[2026-06-19T06:21:54.236+0000] {logging_mixin.py:188} INFO - [2026-06-19T06:21:54.236+0000] {dag.py:3096} INFO - Sync 1 DAGs
[2026-06-19T06:21:54.284+0000] {logging_mixin.py:188} INFO - [2026-06-19T06:21:54.283+0000] {dag.py:3954} INFO - Setting next_dagrun for krisha_pipeline to 2026-06-19 02:00:00+00:00, run_after=2026-06-20 02:00:00+00:00
[2026-06-19T06:21:54.327+0000] {processor.py:183} INFO - Processing /opt/airflow/dags/krisha_pipeline.py took 0.224 seconds
[2026-06-19T06:22:24.635+0000] {processor.py:161} INFO - Started process (PID=5419) to work on /opt/airflow/dags/krisha_pipeline.py
[2026-06-19T06:22:24.636+0000] {processor.py:830} INFO - Processing file /opt/airflow/dags/krisha_pipeline.py for tasks to queue
[2026-06-19T06:22:24.638+0000] {logging_mixin.py:188} INFO - [2026-06-19T06:22:24.637+0000] {dagbag.py:545} INFO - Filling up the DagBag from /opt/airflow/dags/krisha_pipeline.py
[2026-06-19T06:22:24.683+0000] {processor.py:840} INFO - DAG(s) 'krisha_pipeline' retrieved from /opt/airflow/dags/krisha_pipeline.py
[2026-06-19T06:22:24.730+0000] {logging_mixin.py:188} INFO - [2026-06-19T06:22:24.730+0000] {dag.py:3096} INFO - Sync 1 DAGs
[2026-06-19T06:22:24.771+0000] {logging_mixin.py:188} INFO - [2026-06-19T06:22:24.771+0000] {dag.py:3954} INFO - Setting next_dagrun for krisha_pipeline to 2026-06-19 02:00:00+00:00, run_after=2026-06-20 02:00:00+00:00
[2026-06-19T06:22:24.803+0000] {processor.py:183} INFO - Processing /opt/airflow/dags/krisha_pipeline.py took 0.183 seconds
[2026-06-19T06:22:55.108+0000] {processor.py:161} INFO - Started process (PID=5424) to work on /opt/airflow/dags/krisha_pipeline.py
[2026-06-19T06:22:55.110+0000] {processor.py:830} INFO - Processing file /opt/airflow/dags/krisha_pipeline.py for tasks to queue
[2026-06-19T06:22:55.111+0000] {logging_mixin.py:188} INFO - [2026-06-19T06:22:55.111+0000] {dagbag.py:545} INFO - Filling up the DagBag from /opt/airflow/dags/krisha_pipeline.py
[2026-06-19T06:22:55.156+0000] {processor.py:840} INFO - DAG(s) 'krisha_pipeline' retrieved from /opt/airflow/dags/krisha_pipeline.py
[2026-06-19T06:22:55.199+0000] {logging_mixin.py:188} INFO - [2026-06-19T06:22:55.199+0000] {dag.py:3096} INFO - Sync 1 DAGs
[2026-06-19T06:22:55.237+0000] {logging_mixin.py:188} INFO - [2026-06-19T06:22:55.237+0000] {dag.py:3954} INFO - Setting next_dagrun for krisha_pipeline to 2026-06-19 02:00:00+00:00, run_after=2026-06-20 02:00:00+00:00
[2026-06-19T06:22:55.281+0000] {processor.py:183} INFO - Processing /opt/airflow/dags/krisha_pipeline.py took 0.189 seconds
[2026-06-19T06:23:25.377+0000] {processor.py:161} INFO - Started process (PID=5429) to work on /opt/airflow/dags/krisha_pipeline.py
[2026-06-19T06:23:25.378+0000] {processor.py:830} INFO - Processing file /opt/airflow/dags/krisha_pipeline.py for tasks to queue
[2026-06-19T06:23:25.381+0000] {logging_mixin.py:188} INFO - [2026-06-19T06:23:25.380+0000] {dagbag.py:545} INFO - Filling up the DagBag from /opt/airflow/dags/krisha_pipeline.py
[2026-06-19T06:23:25.434+0000] {processor.py:840} INFO - DAG(s) 'krisha_pipeline' retrieved from /opt/airflow/dags/krisha_pipeline.py
[2026-06-19T06:23:25.499+0000] {logging_mixin.py:188} INFO - [2026-06-19T06:23:25.499+0000] {dag.py:3096} INFO - Sync 1 DAGs
[2026-06-19T06:23:25.548+0000] {logging_mixin.py:188} INFO - [2026-06-19T06:23:25.547+0000] {dag.py:3954} INFO - Setting next_dagrun for krisha_pipeline to 2026-06-19 02:00:00+00:00, run_after=2026-06-20 02:00:00+00:00
[2026-06-19T06:23:25.603+0000] {processor.py:183} INFO - Processing /opt/airflow/dags/krisha_pipeline.py took 0.243 seconds
[2026-06-19T06:23:55.821+0000] {processor.py:161} INFO - Started process (PID=5434) to work on /opt/airflow/dags/krisha_pipeline.py
[2026-06-19T06:23:55.822+0000] {processor.py:830} INFO - Processing file /opt/airflow/dags/krisha_pipeline.py for tasks to queue
[2026-06-19T06:23:55.824+0000] {logging_mixin.py:188} INFO - [2026-06-19T06:23:55.824+0000] {dagbag.py:545} INFO - Filling up the DagBag from /opt/airflow/dags/krisha_pipeline.py
[2026-06-19T06:23:55.878+0000] {processor.py:840} INFO - DAG(s) 'krisha_pipeline' retrieved from /opt/airflow/dags/krisha_pipeline.py
[2026-06-19T06:23:55.928+0000] {logging_mixin.py:188} INFO - [2026-06-19T06:23:55.927+0000] {dag.py:3096} INFO - Sync 1 DAGs
[2026-06-19T06:23:55.963+0000] {logging_mixin.py:188} INFO - [2026-06-19T06:23:55.962+0000] {dag.py:3954} INFO - Setting next_dagrun for krisha_pipeline to 2026-06-19 02:00:00+00:00, run_after=2026-06-20 02:00:00+00:00
[2026-06-19T06:23:56.013+0000] {processor.py:183} INFO - Processing /opt/airflow/dags/krisha_pipeline.py took 0.209 seconds
[2026-06-19T06:24:26.151+0000] {processor.py:161} INFO - Started process (PID=5439) to work on /opt/airflow/dags/krisha_pipeline.py
[2026-06-19T06:24:26.153+0000] {processor.py:830} INFO - Processing file /opt/airflow/dags/krisha_pipeline.py for tasks to queue
[2026-06-19T06:24:26.155+0000] {logging_mixin.py:188} INFO - [2026-06-19T06:24:26.154+0000] {dagbag.py:545} INFO - Filling up the DagBag from /opt/airflow/dags/krisha_pipeline.py
[2026-06-19T06:24:26.198+0000] {processor.py:840} INFO - DAG(s) 'krisha_pipeline' retrieved from /opt/airflow/dags/krisha_pipeline.py
[2026-06-19T06:24:26.240+0000] {logging_mixin.py:188} INFO - [2026-06-19T06:24:26.240+0000] {dag.py:3096} INFO - Sync 1 DAGs
[2026-06-19T06:24:26.280+0000] {logging_mixin.py:188} INFO - [2026-06-19T06:24:26.280+0000] {dag.py:3954} INFO - Setting next_dagrun for krisha_pipeline to 2026-06-19 02:00:00+00:00, run_after=2026-06-20 02:00:00+00:00
[2026-06-19T06:24:26.323+0000] {processor.py:183} INFO - Processing /opt/airflow/dags/krisha_pipeline.py took 0.192 seconds
[2026-06-19T06:24:56.573+0000] {processor.py:161} INFO - Started process (PID=5444) to work on /opt/airflow/dags/krisha_pipeline.py
[2026-06-19T06:24:56.574+0000] {processor.py:830} INFO - Processing file /opt/airflow/dags/krisha_pipeline.py for tasks to queue
[2026-06-19T06:24:56.576+0000] {logging_mixin.py:188} INFO - [2026-06-19T06:24:56.576+0000] {dagbag.py:545} INFO - Filling up the DagBag from /opt/airflow/dags/krisha_pipeline.py
[2026-06-19T06:24:56.623+0000] {processor.py:840} INFO - DAG(s) 'krisha_pipeline' retrieved from /opt/airflow/dags/krisha_pipeline.py
[2026-06-19T06:24:56.666+0000] {logging_mixin.py:188} INFO - [2026-06-19T06:24:56.666+0000] {dag.py:3096} INFO - Sync 1 DAGs
[2026-06-19T06:24:56.704+0000] {logging_mixin.py:188} INFO - [2026-06-19T06:24:56.704+0000] {dag.py:3954} INFO - Setting next_dagrun for krisha_pipeline to 2026-06-19 02:00:00+00:00, run_after=2026-06-20 02:00:00+00:00
[2026-06-19T06:24:56.752+0000] {processor.py:183} INFO - Processing /opt/airflow/dags/krisha_pipeline.py took 0.193 seconds
[2026-06-19T06:25:26.889+0000] {processor.py:161} INFO - Started process (PID=5449) to work on /opt/airflow/dags/krisha_pipeline.py
[2026-06-19T06:25:26.891+0000] {processor.py:830} INFO - Processing file /opt/airflow/dags/krisha_pipeline.py for tasks to queue
[2026-06-19T06:25:26.893+0000] {logging_mixin.py:188} INFO - [2026-06-19T06:25:26.892+0000] {dagbag.py:545} INFO - Filling up the DagBag from /opt/airflow/dags/krisha_pipeline.py
[2026-06-19T06:25:26.944+0000] {processor.py:840} INFO - DAG(s) 'krisha_pipeline' retrieved from /opt/airflow/dags/krisha_pipeline.py
[2026-06-19T06:25:27.017+0000] {logging_mixin.py:188} INFO - [2026-06-19T06:25:27.017+0000] {dag.py:3096} INFO - Sync 1 DAGs
[2026-06-19T06:25:27.074+0000] {logging_mixin.py:188} INFO - [2026-06-19T06:25:27.073+0000] {dag.py:3954} INFO - Setting next_dagrun for krisha_pipeline to 2026-06-19 02:00:00+00:00, run_after=2026-06-20 02:00:00+00:00
[2026-06-19T06:25:27.116+0000] {processor.py:183} INFO - Processing /opt/airflow/dags/krisha_pipeline.py took 0.242 seconds
[2026-06-19T06:25:57.365+0000] {processor.py:161} INFO - Started process (PID=5454) to work on /opt/airflow/dags/krisha_pipeline.py
[2026-06-19T06:25:57.367+0000] {processor.py:830} INFO - Processing file /opt/airflow/dags/krisha_pipeline.py for tasks to queue
[2026-06-19T06:25:57.369+0000] {logging_mixin.py:188} INFO - [2026-06-19T06:25:57.368+0000] {dagbag.py:545} INFO - Filling up the DagBag from /opt/airflow/dags/krisha_pipeline.py
[2026-06-19T06:25:57.418+0000] {processor.py:840} INFO - DAG(s) 'krisha_pipeline' retrieved from /opt/airflow/dags/krisha_pipeline.py
[2026-06-19T06:25:57.470+0000] {logging_mixin.py:188} INFO - [2026-06-19T06:25:57.469+0000] {dag.py:3096} INFO - Sync 1 DAGs
[2026-06-19T06:25:57.512+0000] {logging_mixin.py:188} INFO - [2026-06-19T06:25:57.511+0000] {dag.py:3954} INFO - Setting next_dagrun for krisha_pipeline to 2026-06-19 02:00:00+00:00, run_after=2026-06-20 02:00:00+00:00
[2026-06-19T06:25:57.557+0000] {processor.py:183} INFO - Processing /opt/airflow/dags/krisha_pipeline.py took 0.210 seconds
[2026-06-19T06:26:27.833+0000] {processor.py:161} INFO - Started process (PID=5459) to work on /opt/airflow/dags/krisha_pipeline.py
[2026-06-19T06:26:27.835+0000] {processor.py:830} INFO - Processing file /opt/airflow/dags/krisha_pipeline.py for tasks to queue
[2026-06-19T06:26:27.838+0000] {logging_mixin.py:188} INFO - [2026-06-19T06:26:27.837+0000] {dagbag.py:545} INFO - Filling up the DagBag from /opt/airflow/dags/krisha_pipeline.py
[2026-06-19T06:26:27.887+0000] {processor.py:840} INFO - DAG(s) 'krisha_pipeline' retrieved from /opt/airflow/dags/krisha_pipeline.py
[2026-06-19T06:26:27.938+0000] {logging_mixin.py:188} INFO - [2026-06-19T06:26:27.937+0000] {dag.py:3096} INFO - Sync 1 DAGs
[2026-06-19T06:26:27.978+0000] {logging_mixin.py:188} INFO - [2026-06-19T06:26:27.978+0000] {dag.py:3954} INFO - Setting next_dagrun for krisha_pipeline to 2026-06-19 02:00:00+00:00, run_after=2026-06-20 02:00:00+00:00
[2026-06-19T06:26:28.027+0000] {processor.py:183} INFO - Processing /opt/airflow/dags/krisha_pipeline.py took 0.211 seconds
[2026-06-19T06:26:58.123+0000] {processor.py:161} INFO - Started process (PID=5464) to work on /opt/airflow/dags/krisha_pipeline.py
[2026-06-19T06:26:58.125+0000] {processor.py:830} INFO - Processing file /opt/airflow/dags/krisha_pipeline.py for tasks to queue
[2026-06-19T06:26:58.128+0000] {logging_mixin.py:188} INFO - [2026-06-19T06:26:58.127+0000] {dagbag.py:545} INFO - Filling up the DagBag from /opt/airflow/dags/krisha_pipeline.py
[2026-06-19T06:26:58.176+0000] {processor.py:840} INFO - DAG(s) 'krisha_pipeline' retrieved from /opt/airflow/dags/krisha_pipeline.py
[2026-06-19T06:26:58.232+0000] {logging_mixin.py:188} INFO - [2026-06-19T06:26:58.231+0000] {dag.py:3096} INFO - Sync 1 DAGs
[2026-06-19T06:26:58.273+0000] {logging_mixin.py:188} INFO - [2026-06-19T06:26:58.273+0000] {dag.py:3954} INFO - Setting next_dagrun for krisha_pipeline to 2026-06-19 02:00:00+00:00, run_after=2026-06-20 02:00:00+00:00
[2026-06-19T06:26:58.313+0000] {processor.py:183} INFO - Processing /opt/airflow/dags/krisha_pipeline.py took 0.206 seconds
[2026-06-19T06:27:28.633+0000] {processor.py:161} INFO - Started process (PID=5469) to work on /opt/airflow/dags/krisha_pipeline.py
[2026-06-19T06:27:28.635+0000] {processor.py:830} INFO - Processing file /opt/airflow/dags/krisha_pipeline.py for tasks to queue
[2026-06-19T06:27:28.637+0000] {logging_mixin.py:188} INFO - [2026-06-19T06:27:28.636+0000] {dagbag.py:545} INFO - Filling up the DagBag from /opt/airflow/dags/krisha_pipeline.py
[2026-06-19T06:27:28.688+0000] {processor.py:840} INFO - DAG(s) 'krisha_pipeline' retrieved from /opt/airflow/dags/krisha_pipeline.py
[2026-06-19T06:27:28.739+0000] {logging_mixin.py:188} INFO - [2026-06-19T06:27:28.739+0000] {dag.py:3096} INFO - Sync 1 DAGs
[2026-06-19T06:27:28.785+0000] {logging_mixin.py:188} INFO - [2026-06-19T06:27:28.785+0000] {dag.py:3954} INFO - Setting next_dagrun for krisha_pipeline to 2026-06-19 02:00:00+00:00, run_after=2026-06-20 02:00:00+00:00
[2026-06-19T06:27:28.839+0000] {processor.py:183} INFO - Processing /opt/airflow/dags/krisha_pipeline.py took 0.222 seconds
[2026-06-19T06:27:59.159+0000] {processor.py:161} INFO - Started process (PID=5474) to work on /opt/airflow/dags/krisha_pipeline.py
[2026-06-19T06:27:59.161+0000] {processor.py:830} INFO - Processing file /opt/airflow/dags/krisha_pipeline.py for tasks to queue
[2026-06-19T06:27:59.163+0000] {logging_mixin.py:188} INFO - [2026-06-19T06:27:59.162+0000] {dagbag.py:545} INFO - Filling up the DagBag from /opt/airflow/dags/krisha_pipeline.py
[2026-06-19T06:27:59.211+0000] {processor.py:840} INFO - DAG(s) 'krisha_pipeline' retrieved from /opt/airflow/dags/krisha_pipeline.py
[2026-06-19T06:27:59.262+0000] {logging_mixin.py:188} INFO - [2026-06-19T06:27:59.261+0000] {dag.py:3096} INFO - Sync 1 DAGs
[2026-06-19T06:27:59.304+0000] {logging_mixin.py:188} INFO - [2026-06-19T06:27:59.304+0000] {dag.py:3954} INFO - Setting next_dagrun for krisha_pipeline to 2026-06-19 02:00:00+00:00, run_after=2026-06-20 02:00:00+00:00
[2026-06-19T06:27:59.357+0000] {processor.py:183} INFO - Processing /opt/airflow/dags/krisha_pipeline.py took 0.214 seconds
[2026-06-19T06:28:29.673+0000] {processor.py:161} INFO - Started process (PID=5479) to work on /opt/airflow/dags/krisha_pipeline.py
[2026-06-19T06:28:29.675+0000] {processor.py:830} INFO - Processing file /opt/airflow/dags/krisha_pipeline.py for tasks to queue
[2026-06-19T06:28:29.678+0000] {logging_mixin.py:188} INFO - [2026-06-19T06:28:29.677+0000] {dagbag.py:545} INFO - Filling up the DagBag from /opt/airflow/dags/krisha_pipeline.py
[2026-06-19T06:28:29.728+0000] {processor.py:840} INFO - DAG(s) 'krisha_pipeline' retrieved from /opt/airflow/dags/krisha_pipeline.py
[2026-06-19T06:28:29.791+0000] {logging_mixin.py:188} INFO - [2026-06-19T06:28:29.790+0000] {dag.py:3096} INFO - Sync 1 DAGs
[2026-06-19T06:28:29.837+0000] {logging_mixin.py:188} INFO - [2026-06-19T06:28:29.836+0000] {dag.py:3954} INFO - Setting next_dagrun for krisha_pipeline to 2026-06-19 02:00:00+00:00, run_after=2026-06-20 02:00:00+00:00
[2026-06-19T06:28:29.883+0000] {processor.py:183} INFO - Processing /opt/airflow/dags/krisha_pipeline.py took 0.225 seconds
[2026-06-19T06:29:56.150+0000] {processor.py:161} INFO - Started process (PID=5484) to work on /opt/airflow/dags/krisha_pipeline.py
[2026-06-19T06:29:56.165+0000] {processor.py:830} INFO - Processing file /opt/airflow/dags/krisha_pipeline.py for tasks to queue
[2026-06-19T06:29:56.170+0000] {logging_mixin.py:188} INFO - [2026-06-19T06:29:56.169+0000] {dagbag.py:545} INFO - Filling up the DagBag from /opt/airflow/dags/krisha_pipeline.py
[2026-06-19T06:29:56.439+0000] {processor.py:840} INFO - DAG(s) 'krisha_pipeline' retrieved from /opt/airflow/dags/krisha_pipeline.py
[2026-06-19T06:29:56.522+0000] {logging_mixin.py:188} INFO - [2026-06-19T06:29:56.522+0000] {dag.py:3096} INFO - Sync 1 DAGs
[2026-06-19T06:29:56.610+0000] {logging_mixin.py:188} INFO - [2026-06-19T06:29:56.610+0000] {dag.py:3954} INFO - Setting next_dagrun for krisha_pipeline to 2026-06-19 02:00:00+00:00, run_after=2026-06-20 02:00:00+00:00
[2026-06-19T06:29:56.685+0000] {processor.py:183} INFO - Processing /opt/airflow/dags/krisha_pipeline.py took 0.572 seconds
[2026-06-19T06:30:27.083+0000] {processor.py:161} INFO - Started process (PID=5489) to work on /opt/airflow/dags/krisha_pipeline.py
[2026-06-19T06:30:27.085+0000] {processor.py:830} INFO - Processing file /opt/airflow/dags/krisha_pipeline.py for tasks to queue
[2026-06-19T06:30:27.087+0000] {logging_mixin.py:188} INFO - [2026-06-19T06:30:27.086+0000] {dagbag.py:545} INFO - Filling up the DagBag from /opt/airflow/dags/krisha_pipeline.py
[2026-06-19T06:30:27.134+0000] {processor.py:840} INFO - DAG(s) 'krisha_pipeline' retrieved from /opt/airflow/dags/krisha_pipeline.py
[2026-06-19T06:30:27.187+0000] {logging_mixin.py:188} INFO - [2026-06-19T06:30:27.187+0000] {dag.py:3096} INFO - Sync 1 DAGs
[2026-06-19T06:30:27.226+0000] {logging_mixin.py:188} INFO - [2026-06-19T06:30:27.226+0000] {dag.py:3954} INFO - Setting next_dagrun for krisha_pipeline to 2026-06-19 02:00:00+00:00, run_after=2026-06-20 02:00:00+00:00
[2026-06-19T06:30:27.270+0000] {processor.py:183} INFO - Processing /opt/airflow/dags/krisha_pipeline.py took 0.200 seconds
[2026-06-19T06:30:57.740+0000] {processor.py:161} INFO - Started process (PID=5494) to work on /opt/airflow/dags/krisha_pipeline.py
[2026-06-19T06:30:57.742+0000] {processor.py:830} INFO - Processing file /opt/airflow/dags/krisha_pipeline.py for tasks to queue
[2026-06-19T06:30:57.745+0000] {logging_mixin.py:188} INFO - [2026-06-19T06:30:57.744+0000] {dagbag.py:545} INFO - Filling up the DagBag from /opt/airflow/dags/krisha_pipeline.py
[2026-06-19T06:30:57.796+0000] {processor.py:840} INFO - DAG(s) 'krisha_pipeline' retrieved from /opt/airflow/dags/krisha_pipeline.py
[2026-06-19T06:30:57.844+0000] {logging_mixin.py:188} INFO - [2026-06-19T06:30:57.844+0000] {dag.py:3096} INFO - Sync 1 DAGs
[2026-06-19T06:30:57.886+0000] {logging_mixin.py:188} INFO - [2026-06-19T06:30:57.886+0000] {dag.py:3954} INFO - Setting next_dagrun for krisha_pipeline to 2026-06-19 02:00:00+00:00, run_after=2026-06-20 02:00:00+00:00
[2026-06-19T06:30:57.930+0000] {processor.py:183} INFO - Processing /opt/airflow/dags/krisha_pipeline.py took 0.204 seconds
[2026-06-19T06:31:28.251+0000] {processor.py:161} INFO - Started process (PID=5499) to work on /opt/airflow/dags/krisha_pipeline.py
[2026-06-19T06:31:28.253+0000] {processor.py:830} INFO - Processing file /opt/airflow/dags/krisha_pipeline.py for tasks to queue
[2026-06-19T06:31:28.255+0000] {logging_mixin.py:188} INFO - [2026-06-19T06:31:28.254+0000] {dagbag.py:545} INFO - Filling up the DagBag from /opt/airflow/dags/krisha_pipeline.py
[2026-06-19T06:31:28.306+0000] {processor.py:840} INFO - DAG(s) 'krisha_pipeline' retrieved from /opt/airflow/dags/krisha_pipeline.py
[2026-06-19T06:31:28.360+0000] {logging_mixin.py:188} INFO - [2026-06-19T06:31:28.359+0000] {dag.py:3096} INFO - Sync 1 DAGs
[2026-06-19T06:31:28.403+0000] {logging_mixin.py:188} INFO - [2026-06-19T06:31:28.402+0000] {dag.py:3954} INFO - Setting next_dagrun for krisha_pipeline to 2026-06-19 02:00:00+00:00, run_after=2026-06-20 02:00:00+00:00
[2026-06-19T06:31:28.448+0000] {processor.py:183} INFO - Processing /opt/airflow/dags/krisha_pipeline.py took 0.213 seconds
[2026-06-19T06:31:58.584+0000] {processor.py:161} INFO - Started process (PID=5504) to work on /opt/airflow/dags/krisha_pipeline.py
[2026-06-19T06:31:58.588+0000] {processor.py:830} INFO - Processing file /opt/airflow/dags/krisha_pipeline.py for tasks to queue
[2026-06-19T06:31:58.591+0000] {logging_mixin.py:188} INFO - [2026-06-19T06:31:58.590+0000] {dagbag.py:545} INFO - Filling up the DagBag from /opt/airflow/dags/krisha_pipeline.py
[2026-06-19T06:31:58.649+0000] {processor.py:840} INFO - DAG(s) 'krisha_pipeline' retrieved from /opt/airflow/dags/krisha_pipeline.py
[2026-06-19T06:31:58.699+0000] {logging_mixin.py:188} INFO - [2026-06-19T06:31:58.698+0000] {dag.py:3096} INFO - Sync 1 DAGs
[2026-06-19T06:31:58.742+0000] {logging_mixin.py:188} INFO - [2026-06-19T06:31:58.741+0000] {dag.py:3954} INFO - Setting next_dagrun for krisha_pipeline to 2026-06-19 02:00:00+00:00, run_after=2026-06-20 02:00:00+00:00
[2026-06-19T06:31:58.783+0000] {processor.py:183} INFO - Processing /opt/airflow/dags/krisha_pipeline.py took 0.216 seconds
[2026-06-19T06:36:15.302+0000] {processor.py:161} INFO - Started process (PID=5509) to work on /opt/airflow/dags/krisha_pipeline.py
[2026-06-19T06:36:15.303+0000] {processor.py:830} INFO - Processing file /opt/airflow/dags/krisha_pipeline.py for tasks to queue
[2026-06-19T06:36:15.305+0000] {logging_mixin.py:188} INFO - [2026-06-19T06:36:15.304+0000] {dagbag.py:545} INFO - Filling up the DagBag from /opt/airflow/dags/krisha_pipeline.py
[2026-06-19T06:36:15.354+0000] {processor.py:840} INFO - DAG(s) 'krisha_pipeline' retrieved from /opt/airflow/dags/krisha_pipeline.py
[2026-06-19T06:36:15.448+0000] {logging_mixin.py:188} INFO - [2026-06-19T06:36:15.447+0000] {dag.py:3096} INFO - Sync 1 DAGs
[2026-06-19T06:36:15.562+0000] {logging_mixin.py:188} INFO - [2026-06-19T06:36:15.561+0000] {dag.py:3954} INFO - Setting next_dagrun for krisha_pipeline to 2026-06-19 02:00:00+00:00, run_after=2026-06-20 02:00:00+00:00
[2026-06-19T06:36:15.649+0000] {processor.py:183} INFO - Processing /opt/airflow/dags/krisha_pipeline.py took 0.376 seconds
[2026-06-19T06:36:45.959+0000] {processor.py:161} INFO - Started process (PID=5514) to work on /opt/airflow/dags/krisha_pipeline.py
[2026-06-19T06:36:45.960+0000] {processor.py:830} INFO - Processing file /opt/airflow/dags/krisha_pipeline.py for tasks to queue
[2026-06-19T06:36:45.962+0000] {logging_mixin.py:188} INFO - [2026-06-19T06:36:45.962+0000] {dagbag.py:545} INFO - Filling up the DagBag from /opt/airflow/dags/krisha_pipeline.py
[2026-06-19T06:36:46.009+0000] {processor.py:840} INFO - DAG(s) 'krisha_pipeline' retrieved from /opt/airflow/dags/krisha_pipeline.py
[2026-06-19T06:36:46.053+0000] {logging_mixin.py:188} INFO - [2026-06-19T06:36:46.053+0000] {dag.py:3096} INFO - Sync 1 DAGs
[2026-06-19T06:36:46.092+0000] {logging_mixin.py:188} INFO - [2026-06-19T06:36:46.092+0000] {dag.py:3954} INFO - Setting next_dagrun for krisha_pipeline to 2026-06-19 02:00:00+00:00, run_after=2026-06-20 02:00:00+00:00
[2026-06-19T06:36:46.126+0000] {processor.py:183} INFO - Processing /opt/airflow/dags/krisha_pipeline.py took 0.180 seconds
[2026-06-19T06:37:16.208+0000] {processor.py:161} INFO - Started process (PID=5519) to work on /opt/airflow/dags/krisha_pipeline.py
[2026-06-19T06:37:16.210+0000] {processor.py:830} INFO - Processing file /opt/airflow/dags/krisha_pipeline.py for tasks to queue
[2026-06-19T06:37:16.211+0000] {logging_mixin.py:188} INFO - [2026-06-19T06:37:16.211+0000] {dagbag.py:545} INFO - Filling up the DagBag from /opt/airflow/dags/krisha_pipeline.py
[2026-06-19T06:37:16.258+0000] {processor.py:840} INFO - DAG(s) 'krisha_pipeline' retrieved from /opt/airflow/dags/krisha_pipeline.py
[2026-06-19T06:37:16.304+0000] {logging_mixin.py:188} INFO - [2026-06-19T06:37:16.303+0000] {dag.py:3096} INFO - Sync 1 DAGs
[2026-06-19T06:37:16.345+0000] {logging_mixin.py:188} INFO - [2026-06-19T06:37:16.345+0000] {dag.py:3954} INFO - Setting next_dagrun for krisha_pipeline to 2026-06-19 02:00:00+00:00, run_after=2026-06-20 02:00:00+00:00
[2026-06-19T06:37:16.558+0000] {processor.py:183} INFO - Processing /opt/airflow/dags/krisha_pipeline.py took 0.364 seconds
[2026-06-19T06:37:46.689+0000] {processor.py:161} INFO - Started process (PID=5524) to work on /opt/airflow/dags/krisha_pipeline.py
[2026-06-19T06:37:46.691+0000] {processor.py:830} INFO - Processing file /opt/airflow/dags/krisha_pipeline.py for tasks to queue
[2026-06-19T06:37:46.693+0000] {logging_mixin.py:188} INFO - [2026-06-19T06:37:46.693+0000] {dagbag.py:545} INFO - Filling up the DagBag from /opt/airflow/dags/krisha_pipeline.py
[2026-06-19T06:37:46.734+0000] {processor.py:840} INFO - DAG(s) 'krisha_pipeline' retrieved from /opt/airflow/dags/krisha_pipeline.py
[2026-06-19T06:37:46.777+0000] {logging_mixin.py:188} INFO - [2026-06-19T06:37:46.776+0000] {dag.py:3096} INFO - Sync 1 DAGs
[2026-06-19T06:37:46.821+0000] {logging_mixin.py:188} INFO - [2026-06-19T06:37:46.821+0000] {dag.py:3954} INFO - Setting next_dagrun for krisha_pipeline to 2026-06-19 02:00:00+00:00, run_after=2026-06-20 02:00:00+00:00
[2026-06-19T06:37:46.860+0000] {processor.py:183} INFO - Processing /opt/airflow/dags/krisha_pipeline.py took 0.187 seconds
[2026-06-19T06:38:17.153+0000] {processor.py:161} INFO - Started process (PID=5529) to work on /opt/airflow/dags/krisha_pipeline.py
[2026-06-19T06:38:17.155+0000] {processor.py:830} INFO - Processing file /opt/airflow/dags/krisha_pipeline.py for tasks to queue
[2026-06-19T06:38:17.162+0000] {logging_mixin.py:188} INFO - [2026-06-19T06:38:17.162+0000] {dagbag.py:545} INFO - Filling up the DagBag from /opt/airflow/dags/krisha_pipeline.py
[2026-06-19T06:38:17.216+0000] {processor.py:840} INFO - DAG(s) 'krisha_pipeline' retrieved from /opt/airflow/dags/krisha_pipeline.py
[2026-06-19T06:38:17.266+0000] {logging_mixin.py:188} INFO - [2026-06-19T06:38:17.266+0000] {dag.py:3096} INFO - Sync 1 DAGs
[2026-06-19T06:38:17.306+0000] {logging_mixin.py:188} INFO - [2026-06-19T06:38:17.306+0000] {dag.py:3954} INFO - Setting next_dagrun for krisha_pipeline to 2026-06-19 02:00:00+00:00, run_after=2026-06-20 02:00:00+00:00
[2026-06-19T06:38:17.346+0000] {processor.py:183} INFO - Processing /opt/airflow/dags/krisha_pipeline.py took 0.209 seconds
[2026-06-19T06:38:47.678+0000] {processor.py:161} INFO - Started process (PID=5534) to work on /opt/airflow/dags/krisha_pipeline.py
[2026-06-19T06:38:47.680+0000] {processor.py:830} INFO - Processing file /opt/airflow/dags/krisha_pipeline.py for tasks to queue
[2026-06-19T06:38:47.683+0000] {logging_mixin.py:188} INFO - [2026-06-19T06:38:47.682+0000] {dagbag.py:545} INFO - Filling up the DagBag from /opt/airflow/dags/krisha_pipeline.py
[2026-06-19T06:38:47.758+0000] {processor.py:840} INFO - DAG(s) 'krisha_pipeline' retrieved from /opt/airflow/dags/krisha_pipeline.py
[2026-06-19T06:38:47.809+0000] {logging_mixin.py:188} INFO - [2026-06-19T06:38:47.808+0000] {dag.py:3096} INFO - Sync 1 DAGs
[2026-06-19T06:38:47.849+0000] {logging_mixin.py:188} INFO - [2026-06-19T06:38:47.849+0000] {dag.py:3954} INFO - Setting next_dagrun for krisha_pipeline to 2026-06-19 02:00:00+00:00, run_after=2026-06-20 02:00:00+00:00
[2026-06-19T06:38:47.902+0000] {processor.py:183} INFO - Processing /opt/airflow/dags/krisha_pipeline.py took 0.244 seconds
[2026-06-19T06:39:18.239+0000] {processor.py:161} INFO - Started process (PID=5539) to work on /opt/airflow/dags/krisha_pipeline.py
[2026-06-19T06:39:18.240+0000] {processor.py:830} INFO - Processing file /opt/airflow/dags/krisha_pipeline.py for tasks to queue
[2026-06-19T06:39:18.242+0000] {logging_mixin.py:188} INFO - [2026-06-19T06:39:18.242+0000] {dagbag.py:545} INFO - Filling up the DagBag from /opt/airflow/dags/krisha_pipeline.py
[2026-06-19T06:39:18.287+0000] {processor.py:840} INFO - DAG(s) 'krisha_pipeline' retrieved from /opt/airflow/dags/krisha_pipeline.py
[2026-06-19T06:39:18.335+0000] {logging_mixin.py:188} INFO - [2026-06-19T06:39:18.334+0000] {dag.py:3096} INFO - Sync 1 DAGs
[2026-06-19T06:39:18.374+0000] {logging_mixin.py:188} INFO - [2026-06-19T06:39:18.374+0000] {dag.py:3954} INFO - Setting next_dagrun for krisha_pipeline to 2026-06-19 02:00:00+00:00, run_after=2026-06-20 02:00:00+00:00
[2026-06-19T06:39:18.413+0000] {processor.py:183} INFO - Processing /opt/airflow/dags/krisha_pipeline.py took 0.188 seconds
[2026-06-19T06:39:48.517+0000] {processor.py:161} INFO - Started process (PID=5544) to work on /opt/airflow/dags/krisha_pipeline.py
[2026-06-19T06:39:48.518+0000] {processor.py:830} INFO - Processing file /opt/airflow/dags/krisha_pipeline.py for tasks to queue
[2026-06-19T06:39:48.520+0000] {logging_mixin.py:188} INFO - [2026-06-19T06:39:48.520+0000] {dagbag.py:545} INFO - Filling up the DagBag from /opt/airflow/dags/krisha_pipeline.py
[2026-06-19T06:39:48.568+0000] {processor.py:840} INFO - DAG(s) 'krisha_pipeline' retrieved from /opt/airflow/dags/krisha_pipeline.py
[2026-06-19T06:39:48.619+0000] {logging_mixin.py:188} INFO - [2026-06-19T06:39:48.618+0000] {dag.py:3096} INFO - Sync 1 DAGs
[2026-06-19T06:39:48.662+0000] {logging_mixin.py:188} INFO - [2026-06-19T06:39:48.661+0000] {dag.py:3954} INFO - Setting next_dagrun for krisha_pipeline to 2026-06-19 02:00:00+00:00, run_after=2026-06-20 02:00:00+00:00
[2026-06-19T06:39:48.703+0000] {processor.py:183} INFO - Processing /opt/airflow/dags/krisha_pipeline.py took 0.206 seconds
[2026-06-19T06:40:18.928+0000] {processor.py:161} INFO - Started process (PID=5549) to work on /opt/airflow/dags/krisha_pipeline.py
[2026-06-19T06:40:18.930+0000] {processor.py:830} INFO - Processing file /opt/airflow/dags/krisha_pipeline.py for tasks to queue
[2026-06-19T06:40:18.932+0000] {logging_mixin.py:188} INFO - [2026-06-19T06:40:18.931+0000] {dagbag.py:545} INFO - Filling up the DagBag from /opt/airflow/dags/krisha_pipeline.py
[2026-06-19T06:40:18.981+0000] {processor.py:840} INFO - DAG(s) 'krisha_pipeline' retrieved from /opt/airflow/dags/krisha_pipeline.py
[2026-06-19T06:40:19.028+0000] {logging_mixin.py:188} INFO - [2026-06-19T06:40:19.028+0000] {dag.py:3096} INFO - Sync 1 DAGs
[2026-06-19T06:40:19.071+0000] {logging_mixin.py:188} INFO - [2026-06-19T06:40:19.070+0000] {dag.py:3954} INFO - Setting next_dagrun for krisha_pipeline to 2026-06-19 02:00:00+00:00, run_after=2026-06-20 02:00:00+00:00
[2026-06-19T06:40:19.115+0000] {processor.py:183} INFO - Processing /opt/airflow/dags/krisha_pipeline.py took 0.205 seconds
[2026-06-19T06:40:49.377+0000] {processor.py:161} INFO - Started process (PID=5554) to work on /opt/airflow/dags/krisha_pipeline.py
[2026-06-19T06:40:49.379+0000] {processor.py:830} INFO - Processing file /opt/airflow/dags/krisha_pipeline.py for tasks to queue
[2026-06-19T06:40:49.380+0000] {logging_mixin.py:188} INFO - [2026-06-19T06:40:49.380+0000] {dagbag.py:545} INFO - Filling up the DagBag from /opt/airflow/dags/krisha_pipeline.py
[2026-06-19T06:40:49.424+0000] {processor.py:840} INFO - DAG(s) 'krisha_pipeline' retrieved from /opt/airflow/dags/krisha_pipeline.py
[2026-06-19T06:40:49.471+0000] {logging_mixin.py:188} INFO - [2026-06-19T06:40:49.471+0000] {dag.py:3096} INFO - Sync 1 DAGs
[2026-06-19T06:40:49.509+0000] {logging_mixin.py:188} INFO - [2026-06-19T06:40:49.508+0000] {dag.py:3954} INFO - Setting next_dagrun for krisha_pipeline to 2026-06-19 02:00:00+00:00, run_after=2026-06-20 02:00:00+00:00
[2026-06-19T06:40:49.560+0000] {processor.py:183} INFO - Processing /opt/airflow/dags/krisha_pipeline.py took 0.196 seconds
[2026-06-19T06:41:19.725+0000] {processor.py:161} INFO - Started process (PID=5559) to work on /opt/airflow/dags/krisha_pipeline.py
[2026-06-19T06:41:19.726+0000] {processor.py:830} INFO - Processing file /opt/airflow/dags/krisha_pipeline.py for tasks to queue
[2026-06-19T06:41:19.727+0000] {logging_mixin.py:188} INFO - [2026-06-19T06:41:19.727+0000] {dagbag.py:545} INFO - Filling up the DagBag from /opt/airflow/dags/krisha_pipeline.py
[2026-06-19T06:41:19.763+0000] {processor.py:840} INFO - DAG(s) 'krisha_pipeline' retrieved from /opt/airflow/dags/krisha_pipeline.py
[2026-06-19T06:41:19.800+0000] {logging_mixin.py:188} INFO - [2026-06-19T06:41:19.800+0000] {dag.py:3096} INFO - Sync 1 DAGs
[2026-06-19T06:41:19.828+0000] {logging_mixin.py:188} INFO - [2026-06-19T06:41:19.828+0000] {dag.py:3954} INFO - Setting next_dagrun for krisha_pipeline to 2026-06-19 02:00:00+00:00, run_after=2026-06-20 02:00:00+00:00
[2026-06-19T06:41:19.853+0000] {processor.py:183} INFO - Processing /opt/airflow/dags/krisha_pipeline.py took 0.140 seconds
[2026-06-19T06:41:50.023+0000] {processor.py:161} INFO - Started process (PID=5564) to work on /opt/airflow/dags/krisha_pipeline.py
[2026-06-19T06:41:50.024+0000] {processor.py:830} INFO - Processing file /opt/airflow/dags/krisha_pipeline.py for tasks to queue
[2026-06-19T06:41:50.026+0000] {logging_mixin.py:188} INFO - [2026-06-19T06:41:50.025+0000] {dagbag.py:545} INFO - Filling up the DagBag from /opt/airflow/dags/krisha_pipeline.py
[2026-06-19T06:41:50.069+0000] {processor.py:840} INFO - DAG(s) 'krisha_pipeline' retrieved from /opt/airflow/dags/krisha_pipeline.py
[2026-06-19T06:41:50.113+0000] {logging_mixin.py:188} INFO - [2026-06-19T06:41:50.112+0000] {dag.py:3096} INFO - Sync 1 DAGs
[2026-06-19T06:41:50.151+0000] {logging_mixin.py:188} INFO - [2026-06-19T06:41:50.151+0000] {dag.py:3954} INFO - Setting next_dagrun for krisha_pipeline to 2026-06-19 02:00:00+00:00, run_after=2026-06-20 02:00:00+00:00
[2026-06-19T06:41:50.195+0000] {processor.py:183} INFO - Processing /opt/airflow/dags/krisha_pipeline.py took 0.188 seconds
[2026-06-19T06:42:20.288+0000] {processor.py:161} INFO - Started process (PID=5569) to work on /opt/airflow/dags/krisha_pipeline.py
[2026-06-19T06:42:20.290+0000] {processor.py:830} INFO - Processing file /opt/airflow/dags/krisha_pipeline.py for tasks to queue
[2026-06-19T06:42:20.291+0000] {logging_mixin.py:188} INFO - [2026-06-19T06:42:20.291+0000] {dagbag.py:545} INFO - Filling up the DagBag from /opt/airflow/dags/krisha_pipeline.py
[2026-06-19T06:42:20.325+0000] {processor.py:840} INFO - DAG(s) 'krisha_pipeline' retrieved from /opt/airflow/dags/krisha_pipeline.py
[2026-06-19T06:42:20.361+0000] {logging_mixin.py:188} INFO - [2026-06-19T06:42:20.361+0000] {dag.py:3096} INFO - Sync 1 DAGs
[2026-06-19T06:42:20.394+0000] {logging_mixin.py:188} INFO - [2026-06-19T06:42:20.394+0000] {dag.py:3954} INFO - Setting next_dagrun for krisha_pipeline to 2026-06-19 02:00:00+00:00, run_after=2026-06-20 02:00:00+00:00
[2026-06-19T06:42:20.428+0000] {processor.py:183} INFO - Processing /opt/airflow/dags/krisha_pipeline.py took 0.152 seconds
[2026-06-19T06:42:50.638+0000] {processor.py:161} INFO - Started process (PID=5574) to work on /opt/airflow/dags/krisha_pipeline.py
[2026-06-19T06:42:50.639+0000] {processor.py:830} INFO - Processing file /opt/airflow/dags/krisha_pipeline.py for tasks to queue
[2026-06-19T06:42:50.640+0000] {logging_mixin.py:188} INFO - [2026-06-19T06:42:50.640+0000] {dagbag.py:545} INFO - Filling up the DagBag from /opt/airflow/dags/krisha_pipeline.py
[2026-06-19T06:42:50.672+0000] {processor.py:840} INFO - DAG(s) 'krisha_pipeline' retrieved from /opt/airflow/dags/krisha_pipeline.py
[2026-06-19T06:42:50.703+0000] {logging_mixin.py:188} INFO - [2026-06-19T06:42:50.703+0000] {dag.py:3096} INFO - Sync 1 DAGs
[2026-06-19T06:42:50.731+0000] {logging_mixin.py:188} INFO - [2026-06-19T06:42:50.731+0000] {dag.py:3954} INFO - Setting next_dagrun for krisha_pipeline to 2026-06-19 02:00:00+00:00, run_after=2026-06-20 02:00:00+00:00
[2026-06-19T06:42:50.758+0000] {processor.py:183} INFO - Processing /opt/airflow/dags/krisha_pipeline.py took 0.129 seconds
[2026-06-19T06:43:20.858+0000] {processor.py:161} INFO - Started process (PID=5579) to work on /opt/airflow/dags/krisha_pipeline.py
[2026-06-19T06:43:20.859+0000] {processor.py:830} INFO - Processing file /opt/airflow/dags/krisha_pipeline.py for tasks to queue
[2026-06-19T06:43:20.860+0000] {logging_mixin.py:188} INFO - [2026-06-19T06:43:20.860+0000] {dagbag.py:545} INFO - Filling up the DagBag from /opt/airflow/dags/krisha_pipeline.py
[2026-06-19T06:43:20.905+0000] {processor.py:840} INFO - DAG(s) 'krisha_pipeline' retrieved from /opt/airflow/dags/krisha_pipeline.py
[2026-06-19T06:43:20.949+0000] {logging_mixin.py:188} INFO - [2026-06-19T06:43:20.949+0000] {dag.py:3096} INFO - Sync 1 DAGs
[2026-06-19T06:43:20.985+0000] {logging_mixin.py:188} INFO - [2026-06-19T06:43:20.985+0000] {dag.py:3954} INFO - Setting next_dagrun for krisha_pipeline to 2026-06-19 02:00:00+00:00, run_after=2026-06-20 02:00:00+00:00
[2026-06-19T06:43:21.017+0000] {processor.py:183} INFO - Processing /opt/airflow/dags/krisha_pipeline.py took 0.173 seconds
[2026-06-19T06:43:51.220+0000] {processor.py:161} INFO - Started process (PID=5584) to work on /opt/airflow/dags/krisha_pipeline.py
[2026-06-19T06:43:51.221+0000] {processor.py:830} INFO - Processing file /opt/airflow/dags/krisha_pipeline.py for tasks to queue
[2026-06-19T06:43:51.223+0000] {logging_mixin.py:188} INFO - [2026-06-19T06:43:51.222+0000] {dagbag.py:545} INFO - Filling up the DagBag from /opt/airflow/dags/krisha_pipeline.py
[2026-06-19T06:43:51.267+0000] {processor.py:840} INFO - DAG(s) 'krisha_pipeline' retrieved from /opt/airflow/dags/krisha_pipeline.py
[2026-06-19T06:43:51.311+0000] {logging_mixin.py:188} INFO - [2026-06-19T06:43:51.310+0000] {dag.py:3096} INFO - Sync 1 DAGs
[2026-06-19T06:43:51.349+0000] {logging_mixin.py:188} INFO - [2026-06-19T06:43:51.349+0000] {dag.py:3954} INFO - Setting next_dagrun for krisha_pipeline to 2026-06-19 02:00:00+00:00, run_after=2026-06-20 02:00:00+00:00
[2026-06-19T06:43:51.385+0000] {processor.py:183} INFO - Processing /opt/airflow/dags/krisha_pipeline.py took 0.183 seconds
[2026-06-19T06:44:21.521+0000] {processor.py:161} INFO - Started process (PID=5589) to work on /opt/airflow/dags/krisha_pipeline.py
[2026-06-19T06:44:21.524+0000] {processor.py:830} INFO - Processing file /opt/airflow/dags/krisha_pipeline.py for tasks to queue
[2026-06-19T06:44:21.525+0000] {logging_mixin.py:188} INFO - [2026-06-19T06:44:21.525+0000] {dagbag.py:545} INFO - Filling up the DagBag from /opt/airflow/dags/krisha_pipeline.py
[2026-06-19T06:44:21.569+0000] {processor.py:840} INFO - DAG(s) 'krisha_pipeline' retrieved from /opt/airflow/dags/krisha_pipeline.py
[2026-06-19T06:44:21.624+0000] {logging_mixin.py:188} INFO - [2026-06-19T06:44:21.623+0000] {dag.py:3096} INFO - Sync 1 DAGs
[2026-06-19T06:44:21.674+0000] {logging_mixin.py:188} INFO - [2026-06-19T06:44:21.674+0000] {dag.py:3954} INFO - Setting next_dagrun for krisha_pipeline to 2026-06-19 02:00:00+00:00, run_after=2026-06-20 02:00:00+00:00
[2026-06-19T06:44:21.716+0000] {processor.py:183} INFO - Processing /opt/airflow/dags/krisha_pipeline.py took 0.210 seconds
[2026-06-19T06:44:51.938+0000] {processor.py:161} INFO - Started process (PID=5594) to work on /opt/airflow/dags/krisha_pipeline.py
[2026-06-19T06:44:51.940+0000] {processor.py:830} INFO - Processing file /opt/airflow/dags/krisha_pipeline.py for tasks to queue
[2026-06-19T06:44:51.943+0000] {logging_mixin.py:188} INFO - [2026-06-19T06:44:51.942+0000] {dagbag.py:545} INFO - Filling up the DagBag from /opt/airflow/dags/krisha_pipeline.py
[2026-06-19T06:44:51.992+0000] {processor.py:840} INFO - DAG(s) 'krisha_pipeline' retrieved from /opt/airflow/dags/krisha_pipeline.py
[2026-06-19T06:44:52.048+0000] {logging_mixin.py:188} INFO - [2026-06-19T06:44:52.047+0000] {dag.py:3096} INFO - Sync 1 DAGs
[2026-06-19T06:44:52.105+0000] {logging_mixin.py:188} INFO - [2026-06-19T06:44:52.104+0000] {dag.py:3954} INFO - Setting next_dagrun for krisha_pipeline to 2026-06-19 02:00:00+00:00, run_after=2026-06-20 02:00:00+00:00
[2026-06-19T06:44:52.146+0000] {processor.py:183} INFO - Processing /opt/airflow/dags/krisha_pipeline.py took 0.225 seconds
[2026-06-19T06:45:22.463+0000] {processor.py:161} INFO - Started process (PID=5599) to work on /opt/airflow/dags/krisha_pipeline.py
[2026-06-19T06:45:22.466+0000] {processor.py:830} INFO - Processing file /opt/airflow/dags/krisha_pipeline.py for tasks to queue
[2026-06-19T06:45:22.470+0000] {logging_mixin.py:188} INFO - [2026-06-19T06:45:22.468+0000] {dagbag.py:545} INFO - Filling up the DagBag from /opt/airflow/dags/krisha_pipeline.py
[2026-06-19T06:45:22.556+0000] {processor.py:840} INFO - DAG(s) 'krisha_pipeline' retrieved from /opt/airflow/dags/krisha_pipeline.py
[2026-06-19T06:45:22.615+0000] {logging_mixin.py:188} INFO - [2026-06-19T06:45:22.615+0000] {dag.py:3096} INFO - Sync 1 DAGs
[2026-06-19T06:45:22.653+0000] {logging_mixin.py:188} INFO - [2026-06-19T06:45:22.653+0000] {dag.py:3954} INFO - Setting next_dagrun for krisha_pipeline to 2026-06-19 02:00:00+00:00, run_after=2026-06-20 02:00:00+00:00
[2026-06-19T06:45:22.689+0000] {processor.py:183} INFO - Processing /opt/airflow/dags/krisha_pipeline.py took 0.244 seconds
[2026-06-19T06:45:53.052+0000] {processor.py:161} INFO - Started process (PID=5604) to work on /opt/airflow/dags/krisha_pipeline.py
[2026-06-19T06:45:53.054+0000] {processor.py:830} INFO - Processing file /opt/airflow/dags/krisha_pipeline.py for tasks to queue
[2026-06-19T06:45:53.055+0000] {logging_mixin.py:188} INFO - [2026-06-19T06:45:53.055+0000] {dagbag.py:545} INFO - Filling up the DagBag from /opt/airflow/dags/krisha_pipeline.py
[2026-06-19T06:45:53.097+0000] {processor.py:840} INFO - DAG(s) 'krisha_pipeline' retrieved from /opt/airflow/dags/krisha_pipeline.py
[2026-06-19T06:45:53.141+0000] {logging_mixin.py:188} INFO - [2026-06-19T06:45:53.140+0000] {dag.py:3096} INFO - Sync 1 DAGs
[2026-06-19T06:45:53.174+0000] {logging_mixin.py:188} INFO - [2026-06-19T06:45:53.174+0000] {dag.py:3954} INFO - Setting next_dagrun for krisha_pipeline to 2026-06-19 02:00:00+00:00, run_after=2026-06-20 02:00:00+00:00
[2026-06-19T06:45:53.402+0000] {processor.py:183} INFO - Processing /opt/airflow/dags/krisha_pipeline.py took 0.371 seconds
[2026-06-19T06:46:23.829+0000] {processor.py:161} INFO - Started process (PID=5609) to work on /opt/airflow/dags/krisha_pipeline.py
[2026-06-19T06:46:23.831+0000] {processor.py:830} INFO - Processing file /opt/airflow/dags/krisha_pipeline.py for tasks to queue
[2026-06-19T06:46:23.833+0000] {logging_mixin.py:188} INFO - [2026-06-19T06:46:23.832+0000] {dagbag.py:545} INFO - Filling up the DagBag from /opt/airflow/dags/krisha_pipeline.py
[2026-06-19T06:46:23.878+0000] {processor.py:840} INFO - DAG(s) 'krisha_pipeline' retrieved from /opt/airflow/dags/krisha_pipeline.py
[2026-06-19T06:46:23.922+0000] {logging_mixin.py:188} INFO - [2026-06-19T06:46:23.922+0000] {dag.py:3096} INFO - Sync 1 DAGs
[2026-06-19T06:46:23.959+0000] {logging_mixin.py:188} INFO - [2026-06-19T06:46:23.959+0000] {dag.py:3954} INFO - Setting next_dagrun for krisha_pipeline to 2026-06-19 02:00:00+00:00, run_after=2026-06-20 02:00:00+00:00
[2026-06-19T06:46:23.999+0000] {processor.py:183} INFO - Processing /opt/airflow/dags/krisha_pipeline.py took 0.183 seconds
[2026-06-19T06:46:54.102+0000] {processor.py:161} INFO - Started process (PID=5614) to work on /opt/airflow/dags/krisha_pipeline.py
[2026-06-19T06:46:54.103+0000] {processor.py:830} INFO - Processing file /opt/airflow/dags/krisha_pipeline.py for tasks to queue
[2026-06-19T06:46:54.105+0000] {logging_mixin.py:188} INFO - [2026-06-19T06:46:54.105+0000] {dagbag.py:545} INFO - Filling up the DagBag from /opt/airflow/dags/krisha_pipeline.py
[2026-06-19T06:46:54.155+0000] {processor.py:840} INFO - DAG(s) 'krisha_pipeline' retrieved from /opt/airflow/dags/krisha_pipeline.py
[2026-06-19T06:46:54.209+0000] {logging_mixin.py:188} INFO - [2026-06-19T06:46:54.209+0000] {dag.py:3096} INFO - Sync 1 DAGs
[2026-06-19T06:46:54.255+0000] {logging_mixin.py:188} INFO - [2026-06-19T06:46:54.255+0000] {dag.py:3954} INFO - Setting next_dagrun for krisha_pipeline to 2026-06-19 02:00:00+00:00, run_after=2026-06-20 02:00:00+00:00
[2026-06-19T06:46:54.295+0000] {processor.py:183} INFO - Processing /opt/airflow/dags/krisha_pipeline.py took 0.208 seconds
