[2026-06-11T09:04:50.060+0000] {local_task_job_runner.py:120} INFO - ::group::Pre task execution logs
[2026-06-11T09:04:50.091+0000] {taskinstance.py:2076} INFO - Dependencies all met for dep_context=non-requeueable deps ti=<TaskInstance: dbt_clickhouse_pipeline.dbt_run_silver scheduled__2026-06-10T00:00:00+00:00 [queued]>
[2026-06-11T09:04:50.104+0000] {taskinstance.py:2076} INFO - Dependencies all met for dep_context=requeueable deps ti=<TaskInstance: dbt_clickhouse_pipeline.dbt_run_silver scheduled__2026-06-10T00:00:00+00:00 [queued]>
[2026-06-11T09:04:50.105+0000] {taskinstance.py:2306} INFO - Starting attempt 1 of 2
[2026-06-11T09:04:50.119+0000] {taskinstance.py:2330} INFO - Executing <Task(BashOperator): dbt_run_silver> on 2026-06-10 00:00:00+00:00
[2026-06-11T09:04:50.125+0000] {standard_task_runner.py:90} INFO - Running: ['***', 'tasks', 'run', 'dbt_clickhouse_pipeline', 'dbt_run_silver', 'scheduled__2026-06-10T00:00:00+00:00', '--job-id', '33', '--raw', '--subdir', 'DAGS_FOLDER/dbt_dag.py', '--cfg-path', '/tmp/tmp556s76lq']
[2026-06-11T09:04:50.127+0000] {standard_task_runner.py:91} INFO - Job 33: Subtask dbt_run_silver
[2026-06-11T09:04:50.127+0000] {logging_mixin.py:188} WARNING - /home/***/.local/lib/python3.12/site-packages/***/task/task_runner/standard_task_runner.py:61 DeprecationWarning: This process (pid=208) is multi-threaded, use of fork() may lead to deadlocks in the child.
[2026-06-11T09:04:50.128+0000] {standard_task_runner.py:63} INFO - Started process 209 to run task
[2026-06-11T09:04:50.179+0000] {task_command.py:426} INFO - Running <TaskInstance: dbt_clickhouse_pipeline.dbt_run_silver scheduled__2026-06-10T00:00:00+00:00 [running]> on host 98e9eef192e8
[2026-06-11T09:04:50.278+0000] {taskinstance.py:2648} INFO - Exporting env vars: AIRFLOW_CTX_DAG_OWNER='***' AIRFLOW_CTX_DAG_ID='dbt_clickhouse_pipeline' AIRFLOW_CTX_TASK_ID='dbt_run_silver' AIRFLOW_CTX_EXECUTION_DATE='2026-06-10T00:00:00+00:00' AIRFLOW_CTX_TRY_NUMBER='1' AIRFLOW_CTX_DAG_RUN_ID='scheduled__2026-06-10T00:00:00+00:00'
[2026-06-11T09:04:50.279+0000] {taskinstance.py:430} INFO - ::endgroup::
[2026-06-11T09:04:50.293+0000] {subprocess.py:63} INFO - Tmp dir root location: /tmp
[2026-06-11T09:04:50.295+0000] {subprocess.py:75} INFO - Running command: ['/usr/bin/bash', '-c', 'cd /opt/***/dbt/my_dwh_project && dbt run --select silver']
[2026-06-11T09:04:50.304+0000] {subprocess.py:86} INFO - Output:
[2026-06-11T09:04:52.737+0000] {subprocess.py:93} INFO - [0m09:04:52  Running with dbt=1.11.11
[2026-06-11T09:04:53.062+0000] {subprocess.py:93} INFO - [0m09:04:53  Registered adapter: clickhouse=1.10.0
[2026-06-11T09:04:53.776+0000] {subprocess.py:93} INFO - [0m09:04:53  Found 6 models, 4 data tests, 3 sources, 523 macros
[2026-06-11T09:04:53.780+0000] {subprocess.py:93} INFO - [0m09:04:53  The selection criterion 'silver' does not match any enabled nodes
[2026-06-11T09:04:53.783+0000] {subprocess.py:93} INFO - [0m09:04:53  Nothing to do. Try checking your model configs and model specification args
[2026-06-11T09:04:55.137+0000] {subprocess.py:97} INFO - Command exited with return code 0
[2026-06-11T09:04:55.139+0000] {taskinstance.py:441} INFO - ::group::Post task execution logs
[2026-06-11T09:04:55.171+0000] {taskinstance.py:1206} INFO - Marking task as SUCCESS. dag_id=dbt_clickhouse_pipeline, task_id=dbt_run_silver, run_id=scheduled__2026-06-10T00:00:00+00:00, execution_date=20260610T000000, start_date=20260611T090450, end_date=20260611T090455
[2026-06-11T09:04:55.191+0000] {local_task_job_runner.py:240} INFO - Task exited with return code 0
[2026-06-11T09:04:55.216+0000] {taskinstance.py:3498} INFO - 1 downstream tasks scheduled from follow-on schedule check
[2026-06-11T09:04:55.218+0000] {local_task_job_runner.py:222} INFO - ::endgroup::
