[2026-06-09T12:59:06.336+0000] {local_task_job_runner.py:120} INFO - ::group::Pre task execution logs
[2026-06-09T12:59:06.381+0000] {taskinstance.py:2076} INFO - Dependencies all met for dep_context=non-requeueable deps ti=<TaskInstance: dbt_clickhouse_pipeline.dbt_run_gold manual__2026-06-09T12:58:51.558890+00:00 [queued]>
[2026-06-09T12:59:06.392+0000] {taskinstance.py:2076} INFO - Dependencies all met for dep_context=requeueable deps ti=<TaskInstance: dbt_clickhouse_pipeline.dbt_run_gold manual__2026-06-09T12:58:51.558890+00:00 [queued]>
[2026-06-09T12:59:06.393+0000] {taskinstance.py:2306} INFO - Starting attempt 1 of 2
[2026-06-09T12:59:06.422+0000] {taskinstance.py:2330} INFO - Executing <Task(BashOperator): dbt_run_gold> on 2026-06-09 12:58:51.558890+00:00
[2026-06-09T12:59:06.434+0000] {standard_task_runner.py:90} INFO - Running: ['***', 'tasks', 'run', 'dbt_clickhouse_pipeline', 'dbt_run_gold', 'manual__2026-06-09T12:58:51.558890+00:00', '--job-id', '21', '--raw', '--subdir', 'DAGS_FOLDER/dbt_dag.py', '--cfg-path', '/tmp/tmpg4_8s7fu']
[2026-06-09T12:59:06.438+0000] {standard_task_runner.py:91} INFO - Job 21: Subtask dbt_run_gold
[2026-06-09T12:59:06.441+0000] {logging_mixin.py:188} WARNING - /home/***/.local/lib/python3.12/site-packages/***/task/task_runner/standard_task_runner.py:61 DeprecationWarning: This process (pid=808) is multi-threaded, use of fork() may lead to deadlocks in the child.
[2026-06-09T12:59:06.443+0000] {standard_task_runner.py:63} INFO - Started process 811 to run task
[2026-06-09T12:59:06.510+0000] {task_command.py:426} INFO - Running <TaskInstance: dbt_clickhouse_pipeline.dbt_run_gold manual__2026-06-09T12:58:51.558890+00:00 [running]> on host 98e9eef192e8
[2026-06-09T12:59:06.617+0000] {taskinstance.py:2648} INFO - Exporting env vars: AIRFLOW_CTX_DAG_OWNER='***' AIRFLOW_CTX_DAG_ID='dbt_clickhouse_pipeline' AIRFLOW_CTX_TASK_ID='dbt_run_gold' AIRFLOW_CTX_EXECUTION_DATE='2026-06-09T12:58:51.558890+00:00' AIRFLOW_CTX_TRY_NUMBER='1' AIRFLOW_CTX_DAG_RUN_ID='manual__2026-06-09T12:58:51.558890+00:00'
[2026-06-09T12:59:06.618+0000] {taskinstance.py:430} INFO - ::endgroup::
[2026-06-09T12:59:06.637+0000] {subprocess.py:63} INFO - Tmp dir root location: /tmp
[2026-06-09T12:59:06.638+0000] {subprocess.py:75} INFO - Running command: ['/usr/bin/bash', '-c', 'cd /opt/***/dbt/my_dwh_project && dbt run --select gold']
[2026-06-09T12:59:06.649+0000] {subprocess.py:86} INFO - Output:
[2026-06-09T12:59:09.303+0000] {subprocess.py:93} INFO - [0m12:59:09  Running with dbt=1.11.11
[2026-06-09T12:59:09.892+0000] {subprocess.py:93} INFO - [0m12:59:09  Registered adapter: clickhouse=1.10.0
[2026-06-09T12:59:11.191+0000] {subprocess.py:93} INFO - [0m12:59:11  Found 6 models, 4 data tests, 3 sources, 523 macros
[2026-06-09T12:59:11.195+0000] {subprocess.py:93} INFO - [0m12:59:11  The selection criterion 'gold' does not match any enabled nodes
[2026-06-09T12:59:11.197+0000] {subprocess.py:93} INFO - [0m12:59:11  Nothing to do. Try checking your model configs and model specification args
[2026-06-09T12:59:12.650+0000] {subprocess.py:97} INFO - Command exited with return code 0
[2026-06-09T12:59:12.652+0000] {taskinstance.py:441} INFO - ::group::Post task execution logs
[2026-06-09T12:59:12.687+0000] {taskinstance.py:1206} INFO - Marking task as SUCCESS. dag_id=dbt_clickhouse_pipeline, task_id=dbt_run_gold, run_id=manual__2026-06-09T12:58:51.558890+00:00, execution_date=20260609T125851, start_date=20260609T125906, end_date=20260609T125912
[2026-06-09T12:59:12.747+0000] {local_task_job_runner.py:240} INFO - Task exited with return code 0
[2026-06-09T12:59:12.779+0000] {taskinstance.py:3498} INFO - 1 downstream tasks scheduled from follow-on schedule check
[2026-06-09T12:59:12.782+0000] {local_task_job_runner.py:222} INFO - ::endgroup::
