[2026-06-09T12:58:52.706+0000] {local_task_job_runner.py:120} INFO - ::group::Pre task execution logs
[2026-06-09T12:58:52.762+0000] {taskinstance.py:2076} INFO - Dependencies all met for dep_context=non-requeueable deps ti=<TaskInstance: dbt_clickhouse_pipeline.dbt_run_bronze manual__2026-06-09T12:58:51.558890+00:00 [queued]>
[2026-06-09T12:58:52.784+0000] {taskinstance.py:2076} INFO - Dependencies all met for dep_context=requeueable deps ti=<TaskInstance: dbt_clickhouse_pipeline.dbt_run_bronze manual__2026-06-09T12:58:51.558890+00:00 [queued]>
[2026-06-09T12:58:52.786+0000] {taskinstance.py:2306} INFO - Starting attempt 1 of 2
[2026-06-09T12:58:52.816+0000] {taskinstance.py:2330} INFO - Executing <Task(BashOperator): dbt_run_bronze> on 2026-06-09 12:58:51.558890+00:00
[2026-06-09T12:58:52.826+0000] {standard_task_runner.py:90} INFO - Running: ['***', 'tasks', 'run', 'dbt_clickhouse_pipeline', 'dbt_run_bronze', 'manual__2026-06-09T12:58:51.558890+00:00', '--job-id', '15', '--raw', '--subdir', 'DAGS_FOLDER/dbt_dag.py', '--cfg-path', '/tmp/tmp7hzyqu5s']
[2026-06-09T12:58:52.831+0000] {standard_task_runner.py:91} INFO - Job 15: Subtask dbt_run_bronze
[2026-06-09T12:58:52.834+0000] {logging_mixin.py:188} WARNING - /home/***/.local/lib/python3.12/site-packages/***/task/task_runner/standard_task_runner.py:61 DeprecationWarning: This process (pid=768) is multi-threaded, use of fork() may lead to deadlocks in the child.
[2026-06-09T12:58:52.835+0000] {standard_task_runner.py:63} INFO - Started process 771 to run task
[2026-06-09T12:58:52.918+0000] {task_command.py:426} INFO - Running <TaskInstance: dbt_clickhouse_pipeline.dbt_run_bronze manual__2026-06-09T12:58:51.558890+00:00 [running]> on host 98e9eef192e8
[2026-06-09T12:58:53.065+0000] {taskinstance.py:2648} INFO - Exporting env vars: AIRFLOW_CTX_DAG_OWNER='***' AIRFLOW_CTX_DAG_ID='dbt_clickhouse_pipeline' AIRFLOW_CTX_TASK_ID='dbt_run_bronze' AIRFLOW_CTX_EXECUTION_DATE='2026-06-09T12:58:51.558890+00:00' AIRFLOW_CTX_TRY_NUMBER='1' AIRFLOW_CTX_DAG_RUN_ID='manual__2026-06-09T12:58:51.558890+00:00'
[2026-06-09T12:58:53.066+0000] {taskinstance.py:430} INFO - ::endgroup::
[2026-06-09T12:58:53.088+0000] {subprocess.py:63} INFO - Tmp dir root location: /tmp
[2026-06-09T12:58:53.089+0000] {subprocess.py:75} INFO - Running command: ['/usr/bin/bash', '-c', 'cd /opt/***/dbt/my_dwh_project && dbt run --select bronze']
[2026-06-09T12:58:53.101+0000] {subprocess.py:86} INFO - Output:
[2026-06-09T12:58:55.936+0000] {subprocess.py:93} INFO - [0m12:58:55  Running with dbt=1.11.11
[2026-06-09T12:58:56.425+0000] {subprocess.py:93} INFO - [0m12:58:56  Registered adapter: clickhouse=1.10.0
[2026-06-09T12:58:57.208+0000] {subprocess.py:93} INFO - [0m12:58:57  Found 6 models, 4 data tests, 3 sources, 523 macros
[2026-06-09T12:58:57.211+0000] {subprocess.py:93} INFO - [0m12:58:57  The selection criterion 'bronze' does not match any enabled nodes
[2026-06-09T12:58:57.214+0000] {subprocess.py:93} INFO - [0m12:58:57  Nothing to do. Try checking your model configs and model specification args
[2026-06-09T12:58:58.545+0000] {subprocess.py:97} INFO - Command exited with return code 0
[2026-06-09T12:58:58.546+0000] {taskinstance.py:441} INFO - ::group::Post task execution logs
[2026-06-09T12:58:58.580+0000] {taskinstance.py:1206} INFO - Marking task as SUCCESS. dag_id=dbt_clickhouse_pipeline, task_id=dbt_run_bronze, run_id=manual__2026-06-09T12:58:51.558890+00:00, execution_date=20260609T125851, start_date=20260609T125852, end_date=20260609T125858
[2026-06-09T12:58:58.637+0000] {local_task_job_runner.py:240} INFO - Task exited with return code 0
[2026-06-09T12:58:58.666+0000] {taskinstance.py:3498} INFO - 1 downstream tasks scheduled from follow-on schedule check
[2026-06-09T12:58:58.669+0000] {local_task_job_runner.py:222} INFO - ::endgroup::
