[2026-06-09T12:58:56.166+0000] {local_task_job_runner.py:120} INFO - ::group::Pre task execution logs
[2026-06-09T12:58:56.217+0000] {taskinstance.py:2076} INFO - Dependencies all met for dep_context=non-requeueable deps ti=<TaskInstance: dbt_clickhouse_pipeline.dbt_run_silver manual__2026-06-09T07:22:50+00:00 [queued]>
[2026-06-09T12:58:56.231+0000] {taskinstance.py:2076} INFO - Dependencies all met for dep_context=requeueable deps ti=<TaskInstance: dbt_clickhouse_pipeline.dbt_run_silver manual__2026-06-09T07:22:50+00:00 [queued]>
[2026-06-09T12:58:56.232+0000] {taskinstance.py:2306} INFO - Starting attempt 1 of 2
[2026-06-09T12:58:56.258+0000] {taskinstance.py:2330} INFO - Executing <Task(BashOperator): dbt_run_silver> on 2026-06-09 07:22:50+00:00
[2026-06-09T12:58:56.268+0000] {standard_task_runner.py:90} INFO - Running: ['***', 'tasks', 'run', 'dbt_clickhouse_pipeline', 'dbt_run_silver', 'manual__2026-06-09T07:22:50+00:00', '--job-id', '17', '--raw', '--subdir', 'DAGS_FOLDER/dbt_dag.py', '--cfg-path', '/tmp/tmpbpfe3ci2']
[2026-06-09T12:58:56.271+0000] {standard_task_runner.py:91} INFO - Job 17: Subtask dbt_run_silver
[2026-06-09T12:58:56.272+0000] {logging_mixin.py:188} WARNING - /home/***/.local/lib/python3.12/site-packages/***/task/task_runner/standard_task_runner.py:61 DeprecationWarning: This process (pid=775) is multi-threaded, use of fork() may lead to deadlocks in the child.
[2026-06-09T12:58:56.273+0000] {standard_task_runner.py:63} INFO - Started process 777 to run task
[2026-06-09T12:58:56.338+0000] {task_command.py:426} INFO - Running <TaskInstance: dbt_clickhouse_pipeline.dbt_run_silver manual__2026-06-09T07:22:50+00:00 [running]> on host 98e9eef192e8
[2026-06-09T12:58:56.441+0000] {taskinstance.py:2648} INFO - Exporting env vars: AIRFLOW_CTX_DAG_OWNER='***' AIRFLOW_CTX_DAG_ID='dbt_clickhouse_pipeline' AIRFLOW_CTX_TASK_ID='dbt_run_silver' AIRFLOW_CTX_EXECUTION_DATE='2026-06-09T07:22:50+00:00' AIRFLOW_CTX_TRY_NUMBER='1' AIRFLOW_CTX_DAG_RUN_ID='manual__2026-06-09T07:22:50+00:00'
[2026-06-09T12:58:56.442+0000] {taskinstance.py:430} INFO - ::endgroup::
[2026-06-09T12:58:56.465+0000] {subprocess.py:63} INFO - Tmp dir root location: /tmp
[2026-06-09T12:58:56.467+0000] {subprocess.py:75} INFO - Running command: ['/usr/bin/bash', '-c', 'cd /opt/***/dbt/my_dwh_project && dbt run --select silver']
[2026-06-09T12:58:56.481+0000] {subprocess.py:86} INFO - Output:
[2026-06-09T12:58:59.253+0000] {subprocess.py:93} INFO - [0m12:58:59  Running with dbt=1.11.11
[2026-06-09T12:58:59.798+0000] {subprocess.py:93} INFO - [0m12:58:59  Registered adapter: clickhouse=1.10.0
[2026-06-09T12:59:00.598+0000] {subprocess.py:93} INFO - [0m12:59:00  Found 6 models, 4 data tests, 3 sources, 523 macros
[2026-06-09T12:59:00.600+0000] {subprocess.py:93} INFO - [0m12:59:00  The selection criterion 'silver' does not match any enabled nodes
[2026-06-09T12:59:00.603+0000] {subprocess.py:93} INFO - [0m12:59:00  Nothing to do. Try checking your model configs and model specification args
[2026-06-09T12:59:01.939+0000] {subprocess.py:97} INFO - Command exited with return code 0
[2026-06-09T12:59:01.940+0000] {taskinstance.py:441} INFO - ::group::Post task execution logs
[2026-06-09T12:59:01.971+0000] {taskinstance.py:1206} INFO - Marking task as SUCCESS. dag_id=dbt_clickhouse_pipeline, task_id=dbt_run_silver, run_id=manual__2026-06-09T07:22:50+00:00, execution_date=20260609T072250, start_date=20260609T125856, end_date=20260609T125901
[2026-06-09T12:59:01.995+0000] {local_task_job_runner.py:240} INFO - Task exited with return code 0
[2026-06-09T12:59:02.026+0000] {taskinstance.py:3498} INFO - 1 downstream tasks scheduled from follow-on schedule check
[2026-06-09T12:59:02.029+0000] {local_task_job_runner.py:222} INFO - ::endgroup::
