[2026-06-08T13:03:07.915+0000] {processor.py:161} INFO - Started process (PID=168) to work on /opt/airflow/dags/first-dag.py
[2026-06-08T13:03:07.916+0000] {processor.py:830} INFO - Processing file /opt/airflow/dags/first-dag.py for tasks to queue
[2026-06-08T13:03:07.917+0000] {logging_mixin.py:188} INFO - [2026-06-08T13:03:07.917+0000] {dagbag.py:545} INFO - Filling up the DagBag from /opt/airflow/dags/first-dag.py
[2026-06-08T13:03:07.949+0000] {processor.py:840} INFO - DAG(s) 'mydag' retrieved from /opt/airflow/dags/first-dag.py
[2026-06-08T13:03:08.615+0000] {logging_mixin.py:188} INFO - [2026-06-08T13:03:08.615+0000] {override.py:1829} INFO - Created Permission View: can read on DAG:mydag
[2026-06-08T13:03:08.631+0000] {logging_mixin.py:188} INFO - [2026-06-08T13:03:08.630+0000] {override.py:1829} INFO - Created Permission View: can delete on DAG:mydag
[2026-06-08T13:03:08.648+0000] {logging_mixin.py:188} INFO - [2026-06-08T13:03:08.647+0000] {override.py:1829} INFO - Created Permission View: can edit on DAG:mydag
[2026-06-08T13:03:08.650+0000] {logging_mixin.py:188} INFO - [2026-06-08T13:03:08.649+0000] {dag.py:3096} INFO - Sync 1 DAGs
[2026-06-08T13:03:08.672+0000] {logging_mixin.py:188} INFO - [2026-06-08T13:03:08.672+0000] {dag.py:3118} INFO - Creating ORM DAG for mydag
[2026-06-08T13:03:08.685+0000] {logging_mixin.py:188} INFO - [2026-06-08T13:03:08.684+0000] {dag.py:3954} INFO - Setting next_dagrun for mydag to 2026-06-08 00:00:00+00:00, run_after=2026-06-08 00:00:00+00:00
[2026-06-08T13:03:08.706+0000] {processor.py:183} INFO - Processing /opt/airflow/dags/first-dag.py took 0.796 seconds
[2026-06-08T13:03:38.983+0000] {processor.py:161} INFO - Started process (PID=173) to work on /opt/airflow/dags/first-dag.py
[2026-06-08T13:03:38.985+0000] {processor.py:830} INFO - Processing file /opt/airflow/dags/first-dag.py for tasks to queue
[2026-06-08T13:03:38.988+0000] {logging_mixin.py:188} INFO - [2026-06-08T13:03:38.987+0000] {dagbag.py:545} INFO - Filling up the DagBag from /opt/airflow/dags/first-dag.py
[2026-06-08T13:03:39.013+0000] {processor.py:840} INFO - DAG(s) 'mydag' retrieved from /opt/airflow/dags/first-dag.py
[2026-06-08T13:03:39.049+0000] {logging_mixin.py:188} INFO - [2026-06-08T13:03:39.049+0000] {dag.py:3096} INFO - Sync 1 DAGs
[2026-06-08T13:03:39.076+0000] {logging_mixin.py:188} INFO - [2026-06-08T13:03:39.076+0000] {dag.py:3954} INFO - Setting next_dagrun for mydag to 2026-06-08 00:00:00+00:00, run_after=2026-06-08 00:00:00+00:00
[2026-06-08T13:03:39.391+0000] {processor.py:183} INFO - Processing /opt/airflow/dags/first-dag.py took 0.415 seconds
[2026-06-08T13:04:09.579+0000] {processor.py:161} INFO - Started process (PID=178) to work on /opt/airflow/dags/first-dag.py
[2026-06-08T13:04:09.581+0000] {processor.py:830} INFO - Processing file /opt/airflow/dags/first-dag.py for tasks to queue
[2026-06-08T13:04:09.583+0000] {logging_mixin.py:188} INFO - [2026-06-08T13:04:09.582+0000] {dagbag.py:545} INFO - Filling up the DagBag from /opt/airflow/dags/first-dag.py
[2026-06-08T13:04:09.600+0000] {processor.py:840} INFO - DAG(s) 'mydag' retrieved from /opt/airflow/dags/first-dag.py
[2026-06-08T13:04:09.630+0000] {logging_mixin.py:188} INFO - [2026-06-08T13:04:09.629+0000] {dag.py:3096} INFO - Sync 1 DAGs
[2026-06-08T13:04:09.656+0000] {logging_mixin.py:188} INFO - [2026-06-08T13:04:09.655+0000] {dag.py:3954} INFO - Setting next_dagrun for mydag to 2026-06-08 00:00:00+00:00, run_after=2026-06-08 00:00:00+00:00
[2026-06-08T13:04:09.854+0000] {processor.py:183} INFO - Processing /opt/airflow/dags/first-dag.py took 0.280 seconds
[2026-06-08T13:04:40.041+0000] {processor.py:161} INFO - Started process (PID=195) to work on /opt/airflow/dags/first-dag.py
[2026-06-08T13:04:40.042+0000] {processor.py:830} INFO - Processing file /opt/airflow/dags/first-dag.py for tasks to queue
[2026-06-08T13:04:40.044+0000] {logging_mixin.py:188} INFO - [2026-06-08T13:04:40.043+0000] {dagbag.py:545} INFO - Filling up the DagBag from /opt/airflow/dags/first-dag.py
[2026-06-08T13:04:40.063+0000] {processor.py:840} INFO - DAG(s) 'mydag' retrieved from /opt/airflow/dags/first-dag.py
[2026-06-08T13:04:40.092+0000] {logging_mixin.py:188} INFO - [2026-06-08T13:04:40.092+0000] {dag.py:3096} INFO - Sync 1 DAGs
[2026-06-08T13:04:40.116+0000] {logging_mixin.py:188} INFO - [2026-06-08T13:04:40.115+0000] {dag.py:3954} INFO - Setting next_dagrun for mydag to None, run_after=None
[2026-06-08T13:04:40.138+0000] {processor.py:183} INFO - Processing /opt/airflow/dags/first-dag.py took 0.103 seconds
[2026-06-08T13:05:10.217+0000] {processor.py:161} INFO - Started process (PID=200) to work on /opt/airflow/dags/first-dag.py
[2026-06-08T13:05:10.219+0000] {processor.py:830} INFO - Processing file /opt/airflow/dags/first-dag.py for tasks to queue
[2026-06-08T13:05:10.228+0000] {logging_mixin.py:188} INFO - [2026-06-08T13:05:10.227+0000] {dagbag.py:545} INFO - Filling up the DagBag from /opt/airflow/dags/first-dag.py
[2026-06-08T13:05:10.259+0000] {processor.py:840} INFO - DAG(s) 'mydag' retrieved from /opt/airflow/dags/first-dag.py
[2026-06-08T13:05:10.296+0000] {logging_mixin.py:188} INFO - [2026-06-08T13:05:10.296+0000] {dag.py:3096} INFO - Sync 1 DAGs
[2026-06-08T13:05:10.323+0000] {logging_mixin.py:188} INFO - [2026-06-08T13:05:10.323+0000] {dag.py:3954} INFO - Setting next_dagrun for mydag to None, run_after=None
[2026-06-08T13:05:10.347+0000] {processor.py:183} INFO - Processing /opt/airflow/dags/first-dag.py took 0.137 seconds
[2026-06-08T13:05:40.510+0000] {processor.py:161} INFO - Started process (PID=205) to work on /opt/airflow/dags/first-dag.py
[2026-06-08T13:05:40.511+0000] {processor.py:830} INFO - Processing file /opt/airflow/dags/first-dag.py for tasks to queue
[2026-06-08T13:05:40.513+0000] {logging_mixin.py:188} INFO - [2026-06-08T13:05:40.513+0000] {dagbag.py:545} INFO - Filling up the DagBag from /opt/airflow/dags/first-dag.py
[2026-06-08T13:05:40.532+0000] {processor.py:840} INFO - DAG(s) 'mydag' retrieved from /opt/airflow/dags/first-dag.py
[2026-06-08T13:05:40.561+0000] {logging_mixin.py:188} INFO - [2026-06-08T13:05:40.561+0000] {dag.py:3096} INFO - Sync 1 DAGs
[2026-06-08T13:05:40.585+0000] {logging_mixin.py:188} INFO - [2026-06-08T13:05:40.585+0000] {dag.py:3954} INFO - Setting next_dagrun for mydag to None, run_after=None
[2026-06-08T13:05:40.610+0000] {processor.py:183} INFO - Processing /opt/airflow/dags/first-dag.py took 0.105 seconds
[2026-06-08T13:06:10.715+0000] {processor.py:161} INFO - Started process (PID=210) to work on /opt/airflow/dags/first-dag.py
[2026-06-08T13:06:10.716+0000] {processor.py:830} INFO - Processing file /opt/airflow/dags/first-dag.py for tasks to queue
[2026-06-08T13:06:10.718+0000] {logging_mixin.py:188} INFO - [2026-06-08T13:06:10.718+0000] {dagbag.py:545} INFO - Filling up the DagBag from /opt/airflow/dags/first-dag.py
[2026-06-08T13:06:10.735+0000] {processor.py:840} INFO - DAG(s) 'mydag' retrieved from /opt/airflow/dags/first-dag.py
[2026-06-08T13:06:10.766+0000] {logging_mixin.py:188} INFO - [2026-06-08T13:06:10.766+0000] {dag.py:3096} INFO - Sync 1 DAGs
[2026-06-08T13:06:10.790+0000] {logging_mixin.py:188} INFO - [2026-06-08T13:06:10.790+0000] {dag.py:3954} INFO - Setting next_dagrun for mydag to None, run_after=None
[2026-06-08T13:06:10.812+0000] {processor.py:183} INFO - Processing /opt/airflow/dags/first-dag.py took 0.101 seconds
[2026-06-08T13:06:40.972+0000] {processor.py:161} INFO - Started process (PID=215) to work on /opt/airflow/dags/first-dag.py
[2026-06-08T13:06:40.973+0000] {processor.py:830} INFO - Processing file /opt/airflow/dags/first-dag.py for tasks to queue
[2026-06-08T13:06:40.974+0000] {logging_mixin.py:188} INFO - [2026-06-08T13:06:40.974+0000] {dagbag.py:545} INFO - Filling up the DagBag from /opt/airflow/dags/first-dag.py
[2026-06-08T13:06:40.993+0000] {processor.py:840} INFO - DAG(s) 'mydag' retrieved from /opt/airflow/dags/first-dag.py
[2026-06-08T13:06:41.027+0000] {logging_mixin.py:188} INFO - [2026-06-08T13:06:41.027+0000] {dag.py:3096} INFO - Sync 1 DAGs
[2026-06-08T13:06:41.050+0000] {logging_mixin.py:188} INFO - [2026-06-08T13:06:41.050+0000] {dag.py:3954} INFO - Setting next_dagrun for mydag to None, run_after=None
[2026-06-08T13:06:41.077+0000] {processor.py:183} INFO - Processing /opt/airflow/dags/first-dag.py took 0.110 seconds
[2026-06-08T13:07:11.155+0000] {processor.py:161} INFO - Started process (PID=220) to work on /opt/airflow/dags/first-dag.py
[2026-06-08T13:07:11.156+0000] {processor.py:830} INFO - Processing file /opt/airflow/dags/first-dag.py for tasks to queue
[2026-06-08T13:07:11.157+0000] {logging_mixin.py:188} INFO - [2026-06-08T13:07:11.157+0000] {dagbag.py:545} INFO - Filling up the DagBag from /opt/airflow/dags/first-dag.py
[2026-06-08T13:07:11.196+0000] {processor.py:840} INFO - DAG(s) 'mydag' retrieved from /opt/airflow/dags/first-dag.py
[2026-06-08T13:07:11.224+0000] {logging_mixin.py:188} INFO - [2026-06-08T13:07:11.223+0000] {dag.py:3096} INFO - Sync 1 DAGs
[2026-06-08T13:07:11.247+0000] {logging_mixin.py:188} INFO - [2026-06-08T13:07:11.247+0000] {dag.py:3954} INFO - Setting next_dagrun for mydag to None, run_after=None
[2026-06-08T13:07:11.274+0000] {processor.py:183} INFO - Processing /opt/airflow/dags/first-dag.py took 0.124 seconds
[2026-06-08T13:07:41.422+0000] {processor.py:161} INFO - Started process (PID=225) to work on /opt/airflow/dags/first-dag.py
[2026-06-08T13:07:41.423+0000] {processor.py:830} INFO - Processing file /opt/airflow/dags/first-dag.py for tasks to queue
[2026-06-08T13:07:41.425+0000] {logging_mixin.py:188} INFO - [2026-06-08T13:07:41.425+0000] {dagbag.py:545} INFO - Filling up the DagBag from /opt/airflow/dags/first-dag.py
[2026-06-08T13:07:41.450+0000] {processor.py:840} INFO - DAG(s) 'mydag' retrieved from /opt/airflow/dags/first-dag.py
[2026-06-08T13:07:41.480+0000] {logging_mixin.py:188} INFO - [2026-06-08T13:07:41.480+0000] {dag.py:3096} INFO - Sync 1 DAGs
[2026-06-08T13:07:41.504+0000] {logging_mixin.py:188} INFO - [2026-06-08T13:07:41.504+0000] {dag.py:3954} INFO - Setting next_dagrun for mydag to None, run_after=None
[2026-06-08T13:07:41.529+0000] {processor.py:183} INFO - Processing /opt/airflow/dags/first-dag.py took 0.112 seconds
[2026-06-08T13:08:11.653+0000] {processor.py:161} INFO - Started process (PID=230) to work on /opt/airflow/dags/first-dag.py
[2026-06-08T13:08:11.654+0000] {processor.py:830} INFO - Processing file /opt/airflow/dags/first-dag.py for tasks to queue
[2026-06-08T13:08:11.655+0000] {logging_mixin.py:188} INFO - [2026-06-08T13:08:11.655+0000] {dagbag.py:545} INFO - Filling up the DagBag from /opt/airflow/dags/first-dag.py
[2026-06-08T13:08:11.688+0000] {processor.py:840} INFO - DAG(s) 'mydag' retrieved from /opt/airflow/dags/first-dag.py
[2026-06-08T13:08:11.718+0000] {logging_mixin.py:188} INFO - [2026-06-08T13:08:11.718+0000] {dag.py:3096} INFO - Sync 1 DAGs
[2026-06-08T13:08:11.741+0000] {logging_mixin.py:188} INFO - [2026-06-08T13:08:11.741+0000] {dag.py:3954} INFO - Setting next_dagrun for mydag to None, run_after=None
[2026-06-08T13:08:11.764+0000] {processor.py:183} INFO - Processing /opt/airflow/dags/first-dag.py took 0.117 seconds
[2026-06-08T13:08:41.875+0000] {processor.py:161} INFO - Started process (PID=235) to work on /opt/airflow/dags/first-dag.py
[2026-06-08T13:08:41.876+0000] {processor.py:830} INFO - Processing file /opt/airflow/dags/first-dag.py for tasks to queue
[2026-06-08T13:08:41.878+0000] {logging_mixin.py:188} INFO - [2026-06-08T13:08:41.878+0000] {dagbag.py:545} INFO - Filling up the DagBag from /opt/airflow/dags/first-dag.py
[2026-06-08T13:08:41.900+0000] {processor.py:840} INFO - DAG(s) 'mydag' retrieved from /opt/airflow/dags/first-dag.py
[2026-06-08T13:08:41.928+0000] {logging_mixin.py:188} INFO - [2026-06-08T13:08:41.928+0000] {dag.py:3096} INFO - Sync 1 DAGs
[2026-06-08T13:08:41.950+0000] {logging_mixin.py:188} INFO - [2026-06-08T13:08:41.949+0000] {dag.py:3954} INFO - Setting next_dagrun for mydag to None, run_after=None
[2026-06-08T13:08:41.973+0000] {processor.py:183} INFO - Processing /opt/airflow/dags/first-dag.py took 0.103 seconds
[2026-06-08T13:09:12.117+0000] {processor.py:161} INFO - Started process (PID=240) to work on /opt/airflow/dags/first-dag.py
[2026-06-08T13:09:12.118+0000] {processor.py:830} INFO - Processing file /opt/airflow/dags/first-dag.py for tasks to queue
[2026-06-08T13:09:12.120+0000] {logging_mixin.py:188} INFO - [2026-06-08T13:09:12.120+0000] {dagbag.py:545} INFO - Filling up the DagBag from /opt/airflow/dags/first-dag.py
[2026-06-08T13:09:12.139+0000] {processor.py:840} INFO - DAG(s) 'mydag' retrieved from /opt/airflow/dags/first-dag.py
[2026-06-08T13:09:12.164+0000] {logging_mixin.py:188} INFO - [2026-06-08T13:09:12.164+0000] {dag.py:3096} INFO - Sync 1 DAGs
[2026-06-08T13:09:12.186+0000] {logging_mixin.py:188} INFO - [2026-06-08T13:09:12.186+0000] {dag.py:3954} INFO - Setting next_dagrun for mydag to None, run_after=None
[2026-06-08T13:09:12.208+0000] {processor.py:183} INFO - Processing /opt/airflow/dags/first-dag.py took 0.097 seconds
[2026-06-08T13:09:42.318+0000] {processor.py:161} INFO - Started process (PID=245) to work on /opt/airflow/dags/first-dag.py
[2026-06-08T13:09:42.319+0000] {processor.py:830} INFO - Processing file /opt/airflow/dags/first-dag.py for tasks to queue
[2026-06-08T13:09:42.321+0000] {logging_mixin.py:188} INFO - [2026-06-08T13:09:42.320+0000] {dagbag.py:545} INFO - Filling up the DagBag from /opt/airflow/dags/first-dag.py
[2026-06-08T13:09:42.338+0000] {processor.py:840} INFO - DAG(s) 'mydag' retrieved from /opt/airflow/dags/first-dag.py
[2026-06-08T13:09:42.363+0000] {logging_mixin.py:188} INFO - [2026-06-08T13:09:42.363+0000] {dag.py:3096} INFO - Sync 1 DAGs
[2026-06-08T13:09:42.387+0000] {logging_mixin.py:188} INFO - [2026-06-08T13:09:42.387+0000] {dag.py:3954} INFO - Setting next_dagrun for mydag to None, run_after=None
[2026-06-08T13:09:42.410+0000] {processor.py:183} INFO - Processing /opt/airflow/dags/first-dag.py took 0.098 seconds
[2026-06-08T13:10:12.578+0000] {processor.py:161} INFO - Started process (PID=250) to work on /opt/airflow/dags/first-dag.py
[2026-06-08T13:10:12.579+0000] {processor.py:830} INFO - Processing file /opt/airflow/dags/first-dag.py for tasks to queue
[2026-06-08T13:10:12.588+0000] {logging_mixin.py:188} INFO - [2026-06-08T13:10:12.581+0000] {dagbag.py:545} INFO - Filling up the DagBag from /opt/airflow/dags/first-dag.py
[2026-06-08T13:10:12.607+0000] {processor.py:840} INFO - DAG(s) 'mydag' retrieved from /opt/airflow/dags/first-dag.py
[2026-06-08T13:10:12.632+0000] {logging_mixin.py:188} INFO - [2026-06-08T13:10:12.632+0000] {dag.py:3096} INFO - Sync 1 DAGs
[2026-06-08T13:10:12.656+0000] {logging_mixin.py:188} INFO - [2026-06-08T13:10:12.655+0000] {dag.py:3954} INFO - Setting next_dagrun for mydag to None, run_after=None
[2026-06-08T13:10:12.679+0000] {processor.py:183} INFO - Processing /opt/airflow/dags/first-dag.py took 0.105 seconds
[2026-06-08T13:10:42.756+0000] {processor.py:161} INFO - Started process (PID=255) to work on /opt/airflow/dags/first-dag.py
[2026-06-08T13:10:42.757+0000] {processor.py:830} INFO - Processing file /opt/airflow/dags/first-dag.py for tasks to queue
[2026-06-08T13:10:42.758+0000] {logging_mixin.py:188} INFO - [2026-06-08T13:10:42.758+0000] {dagbag.py:545} INFO - Filling up the DagBag from /opt/airflow/dags/first-dag.py
[2026-06-08T13:10:42.777+0000] {processor.py:840} INFO - DAG(s) 'mydag' retrieved from /opt/airflow/dags/first-dag.py
[2026-06-08T13:10:42.804+0000] {logging_mixin.py:188} INFO - [2026-06-08T13:10:42.803+0000] {dag.py:3096} INFO - Sync 1 DAGs
[2026-06-08T13:10:42.830+0000] {logging_mixin.py:188} INFO - [2026-06-08T13:10:42.830+0000] {dag.py:3954} INFO - Setting next_dagrun for mydag to None, run_after=None
[2026-06-08T13:10:42.855+0000] {processor.py:183} INFO - Processing /opt/airflow/dags/first-dag.py took 0.104 seconds
[2026-06-08T13:11:13.037+0000] {processor.py:161} INFO - Started process (PID=260) to work on /opt/airflow/dags/first-dag.py
[2026-06-08T13:11:13.038+0000] {processor.py:830} INFO - Processing file /opt/airflow/dags/first-dag.py for tasks to queue
[2026-06-08T13:11:13.040+0000] {logging_mixin.py:188} INFO - [2026-06-08T13:11:13.040+0000] {dagbag.py:545} INFO - Filling up the DagBag from /opt/airflow/dags/first-dag.py
[2026-06-08T13:11:13.073+0000] {processor.py:840} INFO - DAG(s) 'mydag' retrieved from /opt/airflow/dags/first-dag.py
[2026-06-08T13:11:13.111+0000] {logging_mixin.py:188} INFO - [2026-06-08T13:11:13.111+0000] {dag.py:3096} INFO - Sync 1 DAGs
[2026-06-08T13:11:13.136+0000] {logging_mixin.py:188} INFO - [2026-06-08T13:11:13.136+0000] {dag.py:3954} INFO - Setting next_dagrun for mydag to None, run_after=None
[2026-06-08T13:11:13.161+0000] {processor.py:183} INFO - Processing /opt/airflow/dags/first-dag.py took 0.130 seconds
[2026-06-08T18:34:44.182+0000] {processor.py:161} INFO - Started process (PID=265) to work on /opt/airflow/dags/first-dag.py
[2026-06-08T18:34:44.184+0000] {processor.py:830} INFO - Processing file /opt/airflow/dags/first-dag.py for tasks to queue
[2026-06-08T18:34:44.188+0000] {logging_mixin.py:188} INFO - [2026-06-08T18:34:44.187+0000] {dagbag.py:545} INFO - Filling up the DagBag from /opt/airflow/dags/first-dag.py
[2026-06-08T18:34:44.297+0000] {processor.py:840} INFO - DAG(s) 'mydag' retrieved from /opt/airflow/dags/first-dag.py
[2026-06-08T18:34:44.440+0000] {logging_mixin.py:188} INFO - [2026-06-08T18:34:44.439+0000] {dag.py:3096} INFO - Sync 1 DAGs
[2026-06-08T18:34:44.572+0000] {logging_mixin.py:188} INFO - [2026-06-08T18:34:44.572+0000] {dag.py:3954} INFO - Setting next_dagrun for mydag to None, run_after=None
[2026-06-08T18:34:44.721+0000] {processor.py:183} INFO - Processing /opt/airflow/dags/first-dag.py took 0.562 seconds
[2026-06-08T18:35:15.102+0000] {processor.py:161} INFO - Started process (PID=270) to work on /opt/airflow/dags/first-dag.py
[2026-06-08T18:35:15.104+0000] {processor.py:830} INFO - Processing file /opt/airflow/dags/first-dag.py for tasks to queue
[2026-06-08T18:35:15.107+0000] {logging_mixin.py:188} INFO - [2026-06-08T18:35:15.106+0000] {dagbag.py:545} INFO - Filling up the DagBag from /opt/airflow/dags/first-dag.py
[2026-06-08T18:35:15.142+0000] {processor.py:840} INFO - DAG(s) 'mydag' retrieved from /opt/airflow/dags/first-dag.py
[2026-06-08T18:35:15.191+0000] {logging_mixin.py:188} INFO - [2026-06-08T18:35:15.191+0000] {dag.py:3096} INFO - Sync 1 DAGs
[2026-06-08T18:35:15.232+0000] {logging_mixin.py:188} INFO - [2026-06-08T18:35:15.231+0000] {dag.py:3954} INFO - Setting next_dagrun for mydag to None, run_after=None
[2026-06-08T18:35:15.275+0000] {processor.py:183} INFO - Processing /opt/airflow/dags/first-dag.py took 0.181 seconds
[2026-06-08T18:35:45.376+0000] {processor.py:161} INFO - Started process (PID=275) to work on /opt/airflow/dags/first-dag.py
[2026-06-08T18:35:45.377+0000] {processor.py:830} INFO - Processing file /opt/airflow/dags/first-dag.py for tasks to queue
[2026-06-08T18:35:45.380+0000] {logging_mixin.py:188} INFO - [2026-06-08T18:35:45.380+0000] {dagbag.py:545} INFO - Filling up the DagBag from /opt/airflow/dags/first-dag.py
[2026-06-08T18:35:45.417+0000] {processor.py:840} INFO - DAG(s) 'mydag' retrieved from /opt/airflow/dags/first-dag.py
[2026-06-08T18:35:45.464+0000] {logging_mixin.py:188} INFO - [2026-06-08T18:35:45.464+0000] {dag.py:3096} INFO - Sync 1 DAGs
[2026-06-08T18:35:45.503+0000] {logging_mixin.py:188} INFO - [2026-06-08T18:35:45.502+0000] {dag.py:3954} INFO - Setting next_dagrun for mydag to None, run_after=None
[2026-06-08T18:35:45.547+0000] {processor.py:183} INFO - Processing /opt/airflow/dags/first-dag.py took 0.179 seconds
[2026-06-08T18:36:15.832+0000] {processor.py:161} INFO - Started process (PID=280) to work on /opt/airflow/dags/first-dag.py
[2026-06-08T18:36:15.834+0000] {processor.py:830} INFO - Processing file /opt/airflow/dags/first-dag.py for tasks to queue
[2026-06-08T18:36:15.837+0000] {logging_mixin.py:188} INFO - [2026-06-08T18:36:15.836+0000] {dagbag.py:545} INFO - Filling up the DagBag from /opt/airflow/dags/first-dag.py
[2026-06-08T18:36:15.871+0000] {processor.py:840} INFO - DAG(s) 'mydag' retrieved from /opt/airflow/dags/first-dag.py
[2026-06-08T18:36:15.919+0000] {logging_mixin.py:188} INFO - [2026-06-08T18:36:15.919+0000] {dag.py:3096} INFO - Sync 1 DAGs
[2026-06-08T18:36:15.961+0000] {logging_mixin.py:188} INFO - [2026-06-08T18:36:15.961+0000] {dag.py:3954} INFO - Setting next_dagrun for mydag to None, run_after=None
[2026-06-08T18:36:16.008+0000] {processor.py:183} INFO - Processing /opt/airflow/dags/first-dag.py took 0.185 seconds
[2026-06-08T18:36:46.112+0000] {processor.py:161} INFO - Started process (PID=285) to work on /opt/airflow/dags/first-dag.py
[2026-06-08T18:36:46.117+0000] {processor.py:830} INFO - Processing file /opt/airflow/dags/first-dag.py for tasks to queue
[2026-06-08T18:36:46.121+0000] {logging_mixin.py:188} INFO - [2026-06-08T18:36:46.121+0000] {dagbag.py:545} INFO - Filling up the DagBag from /opt/airflow/dags/first-dag.py
[2026-06-08T18:36:46.155+0000] {processor.py:840} INFO - DAG(s) 'mydag' retrieved from /opt/airflow/dags/first-dag.py
[2026-06-08T18:36:46.208+0000] {logging_mixin.py:188} INFO - [2026-06-08T18:36:46.208+0000] {dag.py:3096} INFO - Sync 1 DAGs
[2026-06-08T18:36:46.252+0000] {logging_mixin.py:188} INFO - [2026-06-08T18:36:46.252+0000] {dag.py:3954} INFO - Setting next_dagrun for mydag to None, run_after=None
[2026-06-08T18:36:46.293+0000] {processor.py:183} INFO - Processing /opt/airflow/dags/first-dag.py took 0.190 seconds
[2026-06-08T18:37:16.592+0000] {processor.py:161} INFO - Started process (PID=290) to work on /opt/airflow/dags/first-dag.py
[2026-06-08T18:37:16.594+0000] {processor.py:830} INFO - Processing file /opt/airflow/dags/first-dag.py for tasks to queue
[2026-06-08T18:37:16.597+0000] {logging_mixin.py:188} INFO - [2026-06-08T18:37:16.596+0000] {dagbag.py:545} INFO - Filling up the DagBag from /opt/airflow/dags/first-dag.py
[2026-06-08T18:37:16.634+0000] {processor.py:840} INFO - DAG(s) 'mydag' retrieved from /opt/airflow/dags/first-dag.py
[2026-06-08T18:37:16.682+0000] {logging_mixin.py:188} INFO - [2026-06-08T18:37:16.682+0000] {dag.py:3096} INFO - Sync 1 DAGs
[2026-06-08T18:37:16.725+0000] {logging_mixin.py:188} INFO - [2026-06-08T18:37:16.724+0000] {dag.py:3954} INFO - Setting next_dagrun for mydag to None, run_after=None
[2026-06-08T18:37:16.770+0000] {processor.py:183} INFO - Processing /opt/airflow/dags/first-dag.py took 0.188 seconds
[2026-06-08T18:37:46.879+0000] {processor.py:161} INFO - Started process (PID=295) to work on /opt/airflow/dags/first-dag.py
[2026-06-08T18:37:46.880+0000] {processor.py:830} INFO - Processing file /opt/airflow/dags/first-dag.py for tasks to queue
[2026-06-08T18:37:46.883+0000] {logging_mixin.py:188} INFO - [2026-06-08T18:37:46.882+0000] {dagbag.py:545} INFO - Filling up the DagBag from /opt/airflow/dags/first-dag.py
[2026-06-08T18:37:46.920+0000] {processor.py:840} INFO - DAG(s) 'mydag' retrieved from /opt/airflow/dags/first-dag.py
[2026-06-08T18:37:46.962+0000] {logging_mixin.py:188} INFO - [2026-06-08T18:37:46.961+0000] {dag.py:3096} INFO - Sync 1 DAGs
[2026-06-08T18:37:46.996+0000] {logging_mixin.py:188} INFO - [2026-06-08T18:37:46.996+0000] {dag.py:3954} INFO - Setting next_dagrun for mydag to None, run_after=None
[2026-06-08T18:37:47.030+0000] {processor.py:183} INFO - Processing /opt/airflow/dags/first-dag.py took 0.164 seconds
[2026-06-08T18:38:17.301+0000] {processor.py:161} INFO - Started process (PID=300) to work on /opt/airflow/dags/first-dag.py
[2026-06-08T18:38:17.303+0000] {processor.py:830} INFO - Processing file /opt/airflow/dags/first-dag.py for tasks to queue
[2026-06-08T18:38:17.307+0000] {logging_mixin.py:188} INFO - [2026-06-08T18:38:17.306+0000] {dagbag.py:545} INFO - Filling up the DagBag from /opt/airflow/dags/first-dag.py
[2026-06-08T18:38:17.339+0000] {processor.py:840} INFO - DAG(s) 'mydag' retrieved from /opt/airflow/dags/first-dag.py
[2026-06-08T18:38:17.389+0000] {logging_mixin.py:188} INFO - [2026-06-08T18:38:17.388+0000] {dag.py:3096} INFO - Sync 1 DAGs
[2026-06-08T18:38:17.427+0000] {logging_mixin.py:188} INFO - [2026-06-08T18:38:17.426+0000] {dag.py:3954} INFO - Setting next_dagrun for mydag to None, run_after=None
[2026-06-08T18:38:17.482+0000] {processor.py:183} INFO - Processing /opt/airflow/dags/first-dag.py took 0.188 seconds
[2026-06-08T18:38:47.596+0000] {processor.py:161} INFO - Started process (PID=305) to work on /opt/airflow/dags/first-dag.py
[2026-06-08T18:38:47.598+0000] {processor.py:830} INFO - Processing file /opt/airflow/dags/first-dag.py for tasks to queue
[2026-06-08T18:38:47.601+0000] {logging_mixin.py:188} INFO - [2026-06-08T18:38:47.600+0000] {dagbag.py:545} INFO - Filling up the DagBag from /opt/airflow/dags/first-dag.py
[2026-06-08T18:38:47.636+0000] {processor.py:840} INFO - DAG(s) 'mydag' retrieved from /opt/airflow/dags/first-dag.py
[2026-06-08T18:38:47.686+0000] {logging_mixin.py:188} INFO - [2026-06-08T18:38:47.686+0000] {dag.py:3096} INFO - Sync 1 DAGs
[2026-06-08T18:38:47.728+0000] {logging_mixin.py:188} INFO - [2026-06-08T18:38:47.727+0000] {dag.py:3954} INFO - Setting next_dagrun for mydag to None, run_after=None
[2026-06-08T18:38:47.780+0000] {processor.py:183} INFO - Processing /opt/airflow/dags/first-dag.py took 0.194 seconds
[2026-06-08T18:39:18.049+0000] {processor.py:161} INFO - Started process (PID=310) to work on /opt/airflow/dags/first-dag.py
[2026-06-08T18:39:18.051+0000] {processor.py:830} INFO - Processing file /opt/airflow/dags/first-dag.py for tasks to queue
[2026-06-08T18:39:18.055+0000] {logging_mixin.py:188} INFO - [2026-06-08T18:39:18.054+0000] {dagbag.py:545} INFO - Filling up the DagBag from /opt/airflow/dags/first-dag.py
[2026-06-08T18:39:18.094+0000] {processor.py:840} INFO - DAG(s) 'mydag' retrieved from /opt/airflow/dags/first-dag.py
[2026-06-08T18:39:18.154+0000] {logging_mixin.py:188} INFO - [2026-06-08T18:39:18.153+0000] {dag.py:3096} INFO - Sync 1 DAGs
[2026-06-08T18:39:18.206+0000] {logging_mixin.py:188} INFO - [2026-06-08T18:39:18.206+0000] {dag.py:3954} INFO - Setting next_dagrun for mydag to None, run_after=None
[2026-06-08T18:39:18.265+0000] {processor.py:183} INFO - Processing /opt/airflow/dags/first-dag.py took 0.226 seconds
[2026-06-08T18:39:48.377+0000] {processor.py:161} INFO - Started process (PID=315) to work on /opt/airflow/dags/first-dag.py
[2026-06-08T18:39:48.379+0000] {processor.py:830} INFO - Processing file /opt/airflow/dags/first-dag.py for tasks to queue
[2026-06-08T18:39:48.382+0000] {logging_mixin.py:188} INFO - [2026-06-08T18:39:48.381+0000] {dagbag.py:545} INFO - Filling up the DagBag from /opt/airflow/dags/first-dag.py
[2026-06-08T18:39:48.416+0000] {processor.py:840} INFO - DAG(s) 'mydag' retrieved from /opt/airflow/dags/first-dag.py
[2026-06-08T18:39:48.466+0000] {logging_mixin.py:188} INFO - [2026-06-08T18:39:48.466+0000] {dag.py:3096} INFO - Sync 1 DAGs
[2026-06-08T18:39:48.506+0000] {logging_mixin.py:188} INFO - [2026-06-08T18:39:48.505+0000] {dag.py:3954} INFO - Setting next_dagrun for mydag to None, run_after=None
[2026-06-08T18:39:48.560+0000] {processor.py:183} INFO - Processing /opt/airflow/dags/first-dag.py took 0.192 seconds
[2026-06-08T18:40:18.866+0000] {processor.py:161} INFO - Started process (PID=320) to work on /opt/airflow/dags/first-dag.py
[2026-06-08T18:40:18.868+0000] {processor.py:830} INFO - Processing file /opt/airflow/dags/first-dag.py for tasks to queue
[2026-06-08T18:40:18.872+0000] {logging_mixin.py:188} INFO - [2026-06-08T18:40:18.871+0000] {dagbag.py:545} INFO - Filling up the DagBag from /opt/airflow/dags/first-dag.py
[2026-06-08T18:40:18.906+0000] {processor.py:840} INFO - DAG(s) 'mydag' retrieved from /opt/airflow/dags/first-dag.py
[2026-06-08T18:40:18.965+0000] {logging_mixin.py:188} INFO - [2026-06-08T18:40:18.965+0000] {dag.py:3096} INFO - Sync 1 DAGs
[2026-06-08T18:40:19.009+0000] {logging_mixin.py:188} INFO - [2026-06-08T18:40:19.008+0000] {dag.py:3954} INFO - Setting next_dagrun for mydag to None, run_after=None
[2026-06-08T18:40:19.071+0000] {processor.py:183} INFO - Processing /opt/airflow/dags/first-dag.py took 0.213 seconds
[2026-06-08T18:40:49.154+0000] {processor.py:161} INFO - Started process (PID=325) to work on /opt/airflow/dags/first-dag.py
[2026-06-08T18:40:49.156+0000] {processor.py:830} INFO - Processing file /opt/airflow/dags/first-dag.py for tasks to queue
[2026-06-08T18:40:49.160+0000] {logging_mixin.py:188} INFO - [2026-06-08T18:40:49.159+0000] {dagbag.py:545} INFO - Filling up the DagBag from /opt/airflow/dags/first-dag.py
[2026-06-08T18:40:49.194+0000] {processor.py:840} INFO - DAG(s) 'mydag' retrieved from /opt/airflow/dags/first-dag.py
[2026-06-08T18:40:49.246+0000] {logging_mixin.py:188} INFO - [2026-06-08T18:40:49.246+0000] {dag.py:3096} INFO - Sync 1 DAGs
[2026-06-08T18:40:49.285+0000] {logging_mixin.py:188} INFO - [2026-06-08T18:40:49.284+0000] {dag.py:3954} INFO - Setting next_dagrun for mydag to None, run_after=None
[2026-06-08T18:40:49.335+0000] {processor.py:183} INFO - Processing /opt/airflow/dags/first-dag.py took 0.189 seconds
