[2026-06-11T09:04:43.108+0000] {local_task_job_runner.py:120} INFO - ::group::Pre task execution logs
[2026-06-11T09:04:43.140+0000] {taskinstance.py:2076} INFO - Dependencies all met for dep_context=non-requeueable deps ti=<TaskInstance: dbt_clickhouse_pipeline.dbt_run_bronze scheduled__2026-06-10T00:00:00+00:00 [queued]>
[2026-06-11T09:04:43.152+0000] {taskinstance.py:2076} INFO - Dependencies all met for dep_context=requeueable deps ti=<TaskInstance: dbt_clickhouse_pipeline.dbt_run_bronze scheduled__2026-06-10T00:00:00+00:00 [queued]>
[2026-06-11T09:04:43.153+0000] {taskinstance.py:2306} INFO - Starting attempt 1 of 2
[2026-06-11T09:04:43.167+0000] {taskinstance.py:2330} INFO - Executing <Task(BashOperator): dbt_run_bronze> on 2026-06-10 00:00:00+00:00
[2026-06-11T09:04:43.173+0000] {standard_task_runner.py:90} INFO - Running: ['***', 'tasks', 'run', 'dbt_clickhouse_pipeline', 'dbt_run_bronze', 'scheduled__2026-06-10T00:00:00+00:00', '--job-id', '32', '--raw', '--subdir', 'DAGS_FOLDER/dbt_dag.py', '--cfg-path', '/tmp/tmp7t3tfa2h']
[2026-06-11T09:04:43.175+0000] {standard_task_runner.py:91} INFO - Job 32: Subtask dbt_run_bronze
[2026-06-11T09:04:43.177+0000] {logging_mixin.py:188} WARNING - /home/***/.local/lib/python3.12/site-packages/***/task/task_runner/standard_task_runner.py:61 DeprecationWarning: This process (pid=199) is multi-threaded, use of fork() may lead to deadlocks in the child.
[2026-06-11T09:04:43.177+0000] {standard_task_runner.py:63} INFO - Started process 204 to run task
[2026-06-11T09:04:43.229+0000] {task_command.py:426} INFO - Running <TaskInstance: dbt_clickhouse_pipeline.dbt_run_bronze scheduled__2026-06-10T00:00:00+00:00 [running]> on host 98e9eef192e8
[2026-06-11T09:04:43.330+0000] {taskinstance.py:2648} INFO - Exporting env vars: AIRFLOW_CTX_DAG_OWNER='***' AIRFLOW_CTX_DAG_ID='dbt_clickhouse_pipeline' AIRFLOW_CTX_TASK_ID='dbt_run_bronze' AIRFLOW_CTX_EXECUTION_DATE='2026-06-10T00:00:00+00:00' AIRFLOW_CTX_TRY_NUMBER='1' AIRFLOW_CTX_DAG_RUN_ID='scheduled__2026-06-10T00:00:00+00:00'
[2026-06-11T09:04:43.331+0000] {taskinstance.py:430} INFO - ::endgroup::
[2026-06-11T09:04:43.359+0000] {subprocess.py:63} INFO - Tmp dir root location: /tmp
[2026-06-11T09:04:43.360+0000] {subprocess.py:75} INFO - Running command: ['/usr/bin/bash', '-c', 'cd /opt/***/dbt/my_dwh_project && dbt run --select bronze']
[2026-06-11T09:04:43.369+0000] {subprocess.py:86} INFO - Output:
[2026-06-11T09:04:46.404+0000] {subprocess.py:93} INFO - [0m09:04:46  Running with dbt=1.11.11
[2026-06-11T09:04:46.851+0000] {subprocess.py:93} INFO - [0m09:04:46  Registered adapter: clickhouse=1.10.0
[2026-06-11T09:04:47.627+0000] {subprocess.py:93} INFO - [0m09:04:47  Found 6 models, 4 data tests, 3 sources, 523 macros
[2026-06-11T09:04:47.630+0000] {subprocess.py:93} INFO - [0m09:04:47  The selection criterion 'bronze' does not match any enabled nodes
[2026-06-11T09:04:47.632+0000] {subprocess.py:93} INFO - [0m09:04:47  Nothing to do. Try checking your model configs and model specification args
[2026-06-11T09:04:49.300+0000] {subprocess.py:97} INFO - Command exited with return code 0
[2026-06-11T09:04:49.301+0000] {taskinstance.py:441} INFO - ::group::Post task execution logs
[2026-06-11T09:04:49.332+0000] {taskinstance.py:1206} INFO - Marking task as SUCCESS. dag_id=dbt_clickhouse_pipeline, task_id=dbt_run_bronze, run_id=scheduled__2026-06-10T00:00:00+00:00, execution_date=20260610T000000, start_date=20260611T090443, end_date=20260611T090449
[2026-06-11T09:04:49.380+0000] {local_task_job_runner.py:240} INFO - Task exited with return code 0
[2026-06-11T09:04:49.406+0000] {taskinstance.py:3498} INFO - 1 downstream tasks scheduled from follow-on schedule check
[2026-06-11T09:04:49.409+0000] {local_task_job_runner.py:222} INFO - ::endgroup::
