[2026-06-19T06:15:51.366+0000] {local_task_job_runner.py:120} INFO - ::group::Pre task execution logs
[2026-06-19T06:15:51.491+0000] {taskinstance.py:2076} INFO - Dependencies all met for dep_context=non-requeueable deps ti=<TaskInstance: krisha_pipeline.load_to_clickhouse scheduled__2026-06-18T02:00:00+00:00 [queued]>
[2026-06-19T06:15:51.523+0000] {taskinstance.py:2076} INFO - Dependencies all met for dep_context=requeueable deps ti=<TaskInstance: krisha_pipeline.load_to_clickhouse scheduled__2026-06-18T02:00:00+00:00 [queued]>
[2026-06-19T06:15:51.526+0000] {taskinstance.py:2306} INFO - Starting attempt 1 of 2
[2026-06-19T06:15:51.756+0000] {taskinstance.py:2330} INFO - Executing <Task(PythonOperator): load_to_clickhouse> on 2026-06-18 02:00:00+00:00
[2026-06-19T06:15:51.768+0000] {standard_task_runner.py:90} INFO - Running: ['***', 'tasks', 'run', 'krisha_pipeline', 'load_to_clickhouse', 'scheduled__2026-06-18T02:00:00+00:00', '--job-id', '61', '--raw', '--subdir', 'DAGS_FOLDER/krisha_pipeline.py', '--cfg-path', '/tmp/tmpg47oh255']
[2026-06-19T06:15:51.771+0000] {standard_task_runner.py:91} INFO - Job 61: Subtask load_to_clickhouse
[2026-06-19T06:15:51.781+0000] {logging_mixin.py:188} WARNING - /home/***/.local/lib/python3.12/site-packages/***/task/task_runner/standard_task_runner.py:61 DeprecationWarning: This process (pid=5356) is multi-threaded, use of fork() may lead to deadlocks in the child.
[2026-06-19T06:15:51.785+0000] {standard_task_runner.py:63} INFO - Started process 5357 to run task
[2026-06-19T06:15:51.898+0000] {task_command.py:426} INFO - Running <TaskInstance: krisha_pipeline.load_to_clickhouse scheduled__2026-06-18T02:00:00+00:00 [running]> on host c7738e15af7d
[2026-06-19T06:15:53.897+0000] {taskinstance.py:2648} INFO - Exporting env vars: AIRFLOW_CTX_DAG_OWNER='***' AIRFLOW_CTX_DAG_ID='krisha_pipeline' AIRFLOW_CTX_TASK_ID='load_to_clickhouse' AIRFLOW_CTX_EXECUTION_DATE='2026-06-18T02:00:00+00:00' AIRFLOW_CTX_TRY_NUMBER='1' AIRFLOW_CTX_DAG_RUN_ID='scheduled__2026-06-18T02:00:00+00:00'
[2026-06-19T06:15:53.899+0000] {taskinstance.py:430} INFO - ::endgroup::
[2026-06-19T06:15:54.550+0000] {krisha_pipeline.py:145} INFO - ✅ Загружено 23 строк из krisha_sale.csv
[2026-06-19T06:15:54.582+0000] {krisha_pipeline.py:145} INFO - ✅ Загружено 23 строк из krisha_rent.csv
[2026-06-19T06:15:54.583+0000] {krisha_pipeline.py:148} INFO - 🎉 Итого: 46 строк в krisha.raw_listings
[2026-06-19T06:15:54.585+0000] {python.py:237} INFO - Done. Returned value was: None
[2026-06-19T06:15:54.586+0000] {taskinstance.py:441} INFO - ::group::Post task execution logs
[2026-06-19T06:15:54.613+0000] {taskinstance.py:1206} INFO - Marking task as SUCCESS. dag_id=krisha_pipeline, task_id=load_to_clickhouse, run_id=scheduled__2026-06-18T02:00:00+00:00, execution_date=20260618T020000, start_date=20260619T061551, end_date=20260619T061554
[2026-06-19T06:15:54.668+0000] {local_task_job_runner.py:240} INFO - Task exited with return code 0
[2026-06-19T06:15:54.707+0000] {taskinstance.py:3498} INFO - 0 downstream tasks scheduled from follow-on schedule check
[2026-06-19T06:15:54.716+0000] {local_task_job_runner.py:222} INFO - ::endgroup::
