[2026-06-22T08:00:28.368+0000] {local_task_job_runner.py:120} INFO - ::group::Pre task execution logs
[2026-06-22T08:00:28.414+0000] {taskinstance.py:2076} INFO - Dependencies all met for dep_context=non-requeueable deps ti=<TaskInstance: krisha_pipeline.run_parser manual__2026-06-22T08:00:27.826414+00:00 [queued]>
[2026-06-22T08:00:28.424+0000] {taskinstance.py:2076} INFO - Dependencies all met for dep_context=requeueable deps ti=<TaskInstance: krisha_pipeline.run_parser manual__2026-06-22T08:00:27.826414+00:00 [queued]>
[2026-06-22T08:00:28.425+0000] {taskinstance.py:2306} INFO - Starting attempt 1 of 2
[2026-06-22T08:00:28.449+0000] {taskinstance.py:2330} INFO - Executing <Task(PythonOperator): run_parser> on 2026-06-22 08:00:27.826414+00:00
[2026-06-22T08:00:28.456+0000] {standard_task_runner.py:90} INFO - Running: ['***', 'tasks', 'run', 'krisha_pipeline', 'run_parser', 'manual__2026-06-22T08:00:27.826414+00:00', '--job-id', '64', '--raw', '--subdir', 'DAGS_FOLDER/krisha_pipeline.py', '--cfg-path', '/tmp/tmp8qasfla4']
[2026-06-22T08:00:28.459+0000] {standard_task_runner.py:91} INFO - Job 64: Subtask run_parser
[2026-06-22T08:00:28.460+0000] {logging_mixin.py:188} WARNING - /home/***/.local/lib/python3.12/site-packages/***/task/task_runner/standard_task_runner.py:61 DeprecationWarning: This process (pid=6453) is multi-threaded, use of fork() may lead to deadlocks in the child.
[2026-06-22T08:00:28.460+0000] {standard_task_runner.py:63} INFO - Started process 6454 to run task
[2026-06-22T08:00:28.514+0000] {task_command.py:426} INFO - Running <TaskInstance: krisha_pipeline.run_parser manual__2026-06-22T08:00:27.826414+00:00 [running]> on host c7738e15af7d
[2026-06-22T08:00:28.654+0000] {taskinstance.py:2648} INFO - Exporting env vars: AIRFLOW_CTX_DAG_OWNER='***' AIRFLOW_CTX_DAG_ID='krisha_pipeline' AIRFLOW_CTX_TASK_ID='run_parser' AIRFLOW_CTX_EXECUTION_DATE='2026-06-22T08:00:27.826414+00:00' AIRFLOW_CTX_TRY_NUMBER='1' AIRFLOW_CTX_DAG_RUN_ID='manual__2026-06-22T08:00:27.826414+00:00'
[2026-06-22T08:00:28.656+0000] {taskinstance.py:430} INFO - ::endgroup::
[2026-06-22T08:00:28.690+0000] {krisha_pipeline.py:70} INFO - Запускаю парсер: /home/***/.local/bin/python /opt/***/dags/krisha_parser.py --output-dir /opt/***/krisha_data --max-pages 50 --delay 2.0
[2026-06-22T08:00:30.345+0000] {krisha_pipeline.py:87} INFO - ✅ Парсер завершился успешно
[2026-06-22T08:00:30.346+0000] {python.py:237} INFO - Done. Returned value was: None
[2026-06-22T08:00:30.347+0000] {taskinstance.py:441} INFO - ::group::Post task execution logs
[2026-06-22T08:00:30.362+0000] {taskinstance.py:1206} INFO - Marking task as SUCCESS. dag_id=krisha_pipeline, task_id=run_parser, run_id=manual__2026-06-22T08:00:27.826414+00:00, execution_date=20260622T080027, start_date=20260622T080028, end_date=20260622T080030
[2026-06-22T08:00:30.402+0000] {local_task_job_runner.py:240} INFO - Task exited with return code 0
[2026-06-22T08:00:30.426+0000] {taskinstance.py:3498} INFO - 1 downstream tasks scheduled from follow-on schedule check
[2026-06-22T08:00:30.429+0000] {local_task_job_runner.py:222} INFO - ::endgroup::
