[2026-06-08T13:04:23.080+0000] {local_task_job_runner.py:120} INFO - ::group::Pre task execution logs
[2026-06-08T13:04:23.119+0000] {taskinstance.py:2076} INFO - Dependencies all met for dep_context=non-requeueable deps ti=<TaskInstance: mydag.print_date scheduled__2026-06-08T00:00:00+00:00 [queued]>
[2026-06-08T13:04:23.129+0000] {taskinstance.py:2076} INFO - Dependencies all met for dep_context=requeueable deps ti=<TaskInstance: mydag.print_date scheduled__2026-06-08T00:00:00+00:00 [queued]>
[2026-06-08T13:04:23.130+0000] {taskinstance.py:2306} INFO - Starting attempt 1 of 1
[2026-06-08T13:04:23.408+0000] {taskinstance.py:2330} INFO - Executing <Task(BashOperator): print_date> on 2026-06-08 00:00:00+00:00
[2026-06-08T13:04:23.416+0000] {standard_task_runner.py:90} INFO - Running: ['***', 'tasks', 'run', 'mydag', 'print_date', 'scheduled__2026-06-08T00:00:00+00:00', '--job-id', '7', '--raw', '--subdir', 'DAGS_FOLDER/first-dag.py', '--cfg-path', '/tmp/tmp8cn0aonv']
[2026-06-08T13:04:23.419+0000] {standard_task_runner.py:91} INFO - Job 7: Subtask print_date
[2026-06-08T13:04:23.421+0000] {logging_mixin.py:188} WARNING - /home/***/.local/lib/python3.12/site-packages/***/task/task_runner/standard_task_runner.py:61 DeprecationWarning: This process (pid=186) is multi-threaded, use of fork() may lead to deadlocks in the child.
[2026-06-08T13:04:23.431+0000] {standard_task_runner.py:63} INFO - Started process 187 to run task
[2026-06-08T13:04:23.477+0000] {task_command.py:426} INFO - Running <TaskInstance: mydag.print_date scheduled__2026-06-08T00:00:00+00:00 [running]> on host 14bfaf34798b
[2026-06-08T13:04:23.567+0000] {taskinstance.py:2648} INFO - Exporting env vars: AIRFLOW_CTX_DAG_OWNER='romank' AIRFLOW_CTX_DAG_ID='mydag' AIRFLOW_CTX_TASK_ID='print_date' AIRFLOW_CTX_EXECUTION_DATE='2026-06-08T00:00:00+00:00' AIRFLOW_CTX_TRY_NUMBER='1' AIRFLOW_CTX_DAG_RUN_ID='scheduled__2026-06-08T00:00:00+00:00'
[2026-06-08T13:04:23.568+0000] {taskinstance.py:430} INFO - ::endgroup::
[2026-06-08T13:04:23.583+0000] {subprocess.py:63} INFO - Tmp dir root location: /tmp
[2026-06-08T13:04:23.584+0000] {subprocess.py:75} INFO - Running command: ['/usr/bin/bash', '-c', 'date']
[2026-06-08T13:04:23.595+0000] {subprocess.py:86} INFO - Output:
[2026-06-08T13:04:23.600+0000] {subprocess.py:93} INFO - Mon Jun  8 13:04:23 UTC 2026
[2026-06-08T13:04:23.601+0000] {subprocess.py:97} INFO - Command exited with return code 0
[2026-06-08T13:04:23.602+0000] {taskinstance.py:441} INFO - ::group::Post task execution logs
[2026-06-08T13:04:23.633+0000] {taskinstance.py:1206} INFO - Marking task as SUCCESS. dag_id=mydag, task_id=print_date, run_id=scheduled__2026-06-08T00:00:00+00:00, execution_date=20260608T000000, start_date=20260608T130423, end_date=20260608T130423
[2026-06-08T13:04:23.688+0000] {local_task_job_runner.py:240} INFO - Task exited with return code 0
[2026-06-08T13:04:23.708+0000] {taskinstance.py:3498} INFO - 0 downstream tasks scheduled from follow-on schedule check
[2026-06-08T13:04:24.012+0000] {local_task_job_runner.py:222} INFO - ::endgroup::
