[2026-06-08T13:04:21.958+0000] {local_task_job_runner.py:120} INFO - ::group::Pre task execution logs
[2026-06-08T13:04:21.996+0000] {taskinstance.py:2076} INFO - Dependencies all met for dep_context=non-requeueable deps ti=<TaskInstance: mydag.echo_hi scheduled__2026-06-08T00:00:00+00:00 [queued]>
[2026-06-08T13:04:22.007+0000] {taskinstance.py:2076} INFO - Dependencies all met for dep_context=requeueable deps ti=<TaskInstance: mydag.echo_hi scheduled__2026-06-08T00:00:00+00:00 [queued]>
[2026-06-08T13:04:22.008+0000] {taskinstance.py:2306} INFO - Starting attempt 1 of 1
[2026-06-08T13:04:22.024+0000] {taskinstance.py:2330} INFO - Executing <Task(BashOperator): echo_hi> on 2026-06-08 00:00:00+00:00
[2026-06-08T13:04:22.031+0000] {standard_task_runner.py:90} INFO - Running: ['***', 'tasks', 'run', 'mydag', 'echo_hi', 'scheduled__2026-06-08T00:00:00+00:00', '--job-id', '6', '--raw', '--subdir', 'DAGS_FOLDER/first-dag.py', '--cfg-path', '/tmp/tmpuvt47d4i']
[2026-06-08T13:04:22.033+0000] {standard_task_runner.py:91} INFO - Job 6: Subtask echo_hi
[2026-06-08T13:04:22.035+0000] {logging_mixin.py:188} WARNING - /home/***/.local/lib/python3.12/site-packages/***/task/task_runner/standard_task_runner.py:61 DeprecationWarning: This process (pid=183) is multi-threaded, use of fork() may lead to deadlocks in the child.
[2026-06-08T13:04:22.036+0000] {standard_task_runner.py:63} INFO - Started process 184 to run task
[2026-06-08T13:04:22.089+0000] {task_command.py:426} INFO - Running <TaskInstance: mydag.echo_hi scheduled__2026-06-08T00:00:00+00:00 [running]> on host 14bfaf34798b
[2026-06-08T13:04:22.191+0000] {taskinstance.py:2648} INFO - Exporting env vars: AIRFLOW_CTX_DAG_OWNER='romank' AIRFLOW_CTX_DAG_ID='mydag' AIRFLOW_CTX_TASK_ID='echo_hi' AIRFLOW_CTX_EXECUTION_DATE='2026-06-08T00:00:00+00:00' AIRFLOW_CTX_TRY_NUMBER='1' AIRFLOW_CTX_DAG_RUN_ID='scheduled__2026-06-08T00:00:00+00:00'
[2026-06-08T13:04:22.191+0000] {taskinstance.py:430} INFO - ::endgroup::
[2026-06-08T13:04:22.226+0000] {subprocess.py:63} INFO - Tmp dir root location: /tmp
[2026-06-08T13:04:22.228+0000] {subprocess.py:75} INFO - Running command: ['/usr/bin/bash', '-c', 'echo "Hello"']
[2026-06-08T13:04:22.239+0000] {subprocess.py:86} INFO - Output:
[2026-06-08T13:04:22.241+0000] {subprocess.py:93} INFO - Hello
[2026-06-08T13:04:22.242+0000] {subprocess.py:97} INFO - Command exited with return code 0
[2026-06-08T13:04:22.242+0000] {taskinstance.py:441} INFO - ::group::Post task execution logs
[2026-06-08T13:04:22.270+0000] {taskinstance.py:1206} INFO - Marking task as SUCCESS. dag_id=mydag, task_id=echo_hi, run_id=scheduled__2026-06-08T00:00:00+00:00, execution_date=20260608T000000, start_date=20260608T130421, end_date=20260608T130422
[2026-06-08T13:04:22.291+0000] {local_task_job_runner.py:240} INFO - Task exited with return code 0
[2026-06-08T13:04:22.313+0000] {taskinstance.py:3498} INFO - 1 downstream tasks scheduled from follow-on schedule check
[2026-06-08T13:04:22.315+0000] {local_task_job_runner.py:222} INFO - ::endgroup::
