[2026-06-15T10:23:38.480+0000] {local_task_job_runner.py:120} INFO - ::group::Pre task execution logs
[2026-06-15T10:23:38.523+0000] {taskinstance.py:2076} INFO - Dependencies all met for dep_context=non-requeueable deps ti=<TaskInstance: dbt_clickhouse_pipeline.dbt_run_bronze scheduled__2026-06-14T00:00:00+00:00 [queued]>
[2026-06-15T10:23:38.533+0000] {taskinstance.py:2076} INFO - Dependencies all met for dep_context=requeueable deps ti=<TaskInstance: dbt_clickhouse_pipeline.dbt_run_bronze scheduled__2026-06-14T00:00:00+00:00 [queued]>
[2026-06-15T10:23:38.534+0000] {taskinstance.py:2306} INFO - Starting attempt 2 of 2
[2026-06-15T10:23:38.551+0000] {taskinstance.py:2330} INFO - Executing <Task(BashOperator): dbt_run_bronze> on 2026-06-14 00:00:00+00:00
[2026-06-15T10:23:38.558+0000] {standard_task_runner.py:90} INFO - Running: ['***', 'tasks', 'run', 'dbt_clickhouse_pipeline', 'dbt_run_bronze', 'scheduled__2026-06-14T00:00:00+00:00', '--job-id', '38', '--raw', '--subdir', 'DAGS_FOLDER/dbt_dag.py', '--cfg-path', '/tmp/tmpg5bqdmxa']
[2026-06-15T10:23:38.561+0000] {standard_task_runner.py:91} INFO - Job 38: Subtask dbt_run_bronze
[2026-06-15T10:23:38.563+0000] {logging_mixin.py:188} WARNING - /home/***/.local/lib/python3.12/site-packages/***/task/task_runner/standard_task_runner.py:61 DeprecationWarning: This process (pid=312) is multi-threaded, use of fork() may lead to deadlocks in the child.
[2026-06-15T10:23:38.564+0000] {standard_task_runner.py:63} INFO - Started process 323 to run task
[2026-06-15T10:23:38.619+0000] {task_command.py:426} INFO - Running <TaskInstance: dbt_clickhouse_pipeline.dbt_run_bronze scheduled__2026-06-14T00:00:00+00:00 [running]> on host 3492be32b8fa
[2026-06-15T10:23:38.724+0000] {taskinstance.py:2648} INFO - Exporting env vars: AIRFLOW_CTX_DAG_OWNER='***' AIRFLOW_CTX_DAG_ID='dbt_clickhouse_pipeline' AIRFLOW_CTX_TASK_ID='dbt_run_bronze' AIRFLOW_CTX_EXECUTION_DATE='2026-06-14T00:00:00+00:00' AIRFLOW_CTX_TRY_NUMBER='2' AIRFLOW_CTX_DAG_RUN_ID='scheduled__2026-06-14T00:00:00+00:00'
[2026-06-15T10:23:38.725+0000] {taskinstance.py:430} INFO - ::endgroup::
[2026-06-15T10:23:38.740+0000] {subprocess.py:63} INFO - Tmp dir root location: /tmp
[2026-06-15T10:23:38.742+0000] {subprocess.py:75} INFO - Running command: ['/usr/bin/bash', '-c', 'cd /opt/***/dbt/my_dwh_project && dbt run --select bronze']
[2026-06-15T10:23:38.753+0000] {subprocess.py:86} INFO - Output:
[2026-06-15T10:23:41.291+0000] {subprocess.py:93} INFO - Usage: dbt run [OPTIONS]
[2026-06-15T10:23:41.292+0000] {subprocess.py:93} INFO - Try 'dbt run --help' for help.
[2026-06-15T10:23:41.292+0000] {subprocess.py:93} INFO - 
[2026-06-15T10:23:41.293+0000] {subprocess.py:93} INFO - Error: Invalid value for '--profiles-dir': Path '/home/***/.dbt' does not exist.
[2026-06-15T10:23:41.575+0000] {subprocess.py:97} INFO - Command exited with return code 2
[2026-06-15T10:23:41.576+0000] {taskinstance.py:441} INFO - ::group::Post task execution logs
[2026-06-15T10:23:41.588+0000] {taskinstance.py:2905} ERROR - Task failed with exception
Traceback (most recent call last):
  File "/home/airflow/.local/lib/python3.12/site-packages/airflow/models/taskinstance.py", line 465, in _execute_task
    result = _execute_callable(context=context, **execute_callable_kwargs)
             ^^^^^^^^^^^^^^^^^^^^^^^^^^^^^^^^^^^^^^^^^^^^^^^^^^^^^^^^^^^^^
  File "/home/airflow/.local/lib/python3.12/site-packages/airflow/models/taskinstance.py", line 432, in _execute_callable
    return execute_callable(context=context, **execute_callable_kwargs)
           ^^^^^^^^^^^^^^^^^^^^^^^^^^^^^^^^^^^^^^^^^^^^^^^^^^^^^^^^^^^^
  File "/home/airflow/.local/lib/python3.12/site-packages/airflow/models/baseoperator.py", line 400, in wrapper
    return func(self, *args, **kwargs)
           ^^^^^^^^^^^^^^^^^^^^^^^^^^^
  File "/home/airflow/.local/lib/python3.12/site-packages/airflow/operators/bash.py", line 243, in execute
    raise AirflowException(
airflow.exceptions.AirflowException: Bash command failed. The command returned a non-zero exit code 2.
[2026-06-15T10:23:41.595+0000] {taskinstance.py:1206} INFO - Marking task as FAILED. dag_id=dbt_clickhouse_pipeline, task_id=dbt_run_bronze, run_id=scheduled__2026-06-14T00:00:00+00:00, execution_date=20260614T000000, start_date=20260615T102338, end_date=20260615T102341
[2026-06-15T10:23:41.614+0000] {standard_task_runner.py:110} ERROR - Failed to execute job 38 for task dbt_run_bronze (Bash command failed. The command returned a non-zero exit code 2.; 323)
[2026-06-15T10:23:41.628+0000] {local_task_job_runner.py:240} INFO - Task exited with return code 1
[2026-06-15T10:23:41.654+0000] {taskinstance.py:3498} INFO - 0 downstream tasks scheduled from follow-on schedule check
[2026-06-15T10:23:41.659+0000] {local_task_job_runner.py:222} INFO - ::endgroup::
