[2026-06-15T10:18:34.248+0000] {local_task_job_runner.py:120} INFO - ::group::Pre task execution logs
[2026-06-15T10:18:34.282+0000] {taskinstance.py:2076} INFO - Dependencies all met for dep_context=non-requeueable deps ti=<TaskInstance: dbt_clickhouse_pipeline.dbt_run_bronze scheduled__2026-06-14T00:00:00+00:00 [queued]>
[2026-06-15T10:18:34.292+0000] {taskinstance.py:2076} INFO - Dependencies all met for dep_context=requeueable deps ti=<TaskInstance: dbt_clickhouse_pipeline.dbt_run_bronze scheduled__2026-06-14T00:00:00+00:00 [queued]>
[2026-06-15T10:18:34.293+0000] {taskinstance.py:2306} INFO - Starting attempt 1 of 2
[2026-06-15T10:18:34.307+0000] {taskinstance.py:2330} INFO - Executing <Task(BashOperator): dbt_run_bronze> on 2026-06-14 00:00:00+00:00
[2026-06-15T10:18:34.315+0000] {standard_task_runner.py:90} INFO - Running: ['***', 'tasks', 'run', 'dbt_clickhouse_pipeline', 'dbt_run_bronze', 'scheduled__2026-06-14T00:00:00+00:00', '--job-id', '37', '--raw', '--subdir', 'DAGS_FOLDER/dbt_dag.py', '--cfg-path', '/tmp/tmpuxhmm4os']
[2026-06-15T10:18:34.318+0000] {standard_task_runner.py:91} INFO - Job 37: Subtask dbt_run_bronze
[2026-06-15T10:18:34.318+0000] {logging_mixin.py:188} WARNING - /home/***/.local/lib/python3.12/site-packages/***/task/task_runner/standard_task_runner.py:61 DeprecationWarning: This process (pid=215) is multi-threaded, use of fork() may lead to deadlocks in the child.
[2026-06-15T10:18:34.319+0000] {standard_task_runner.py:63} INFO - Started process 216 to run task
[2026-06-15T10:18:34.372+0000] {task_command.py:426} INFO - Running <TaskInstance: dbt_clickhouse_pipeline.dbt_run_bronze scheduled__2026-06-14T00:00:00+00:00 [running]> on host 3492be32b8fa
[2026-06-15T10:18:34.471+0000] {taskinstance.py:2648} INFO - Exporting env vars: AIRFLOW_CTX_DAG_OWNER='***' AIRFLOW_CTX_DAG_ID='dbt_clickhouse_pipeline' AIRFLOW_CTX_TASK_ID='dbt_run_bronze' AIRFLOW_CTX_EXECUTION_DATE='2026-06-14T00:00:00+00:00' AIRFLOW_CTX_TRY_NUMBER='1' AIRFLOW_CTX_DAG_RUN_ID='scheduled__2026-06-14T00:00:00+00:00'
[2026-06-15T10:18:34.472+0000] {taskinstance.py:430} INFO - ::endgroup::
[2026-06-15T10:18:34.518+0000] {subprocess.py:63} INFO - Tmp dir root location: /tmp
[2026-06-15T10:18:34.519+0000] {subprocess.py:75} INFO - Running command: ['/usr/bin/bash', '-c', 'cd /opt/***/dbt/my_dwh_project && dbt run --select bronze']
[2026-06-15T10:18:34.529+0000] {subprocess.py:86} INFO - Output:
[2026-06-15T10:18:37.355+0000] {subprocess.py:93} INFO - Usage: dbt run [OPTIONS]
[2026-06-15T10:18:37.356+0000] {subprocess.py:93} INFO - Try 'dbt run --help' for help.
[2026-06-15T10:18:37.357+0000] {subprocess.py:93} INFO - 
[2026-06-15T10:18:37.357+0000] {subprocess.py:93} INFO - Error: Invalid value for '--profiles-dir': Path '/home/***/.dbt' does not exist.
[2026-06-15T10:18:37.659+0000] {subprocess.py:97} INFO - Command exited with return code 2
[2026-06-15T10:18:37.660+0000] {taskinstance.py:441} INFO - ::group::Post task execution logs
[2026-06-15T10:18:37.674+0000] {taskinstance.py:2905} ERROR - Task failed with exception
Traceback (most recent call last):
  File "/home/airflow/.local/lib/python3.12/site-packages/airflow/models/taskinstance.py", line 465, in _execute_task
    result = _execute_callable(context=context, **execute_callable_kwargs)
             ^^^^^^^^^^^^^^^^^^^^^^^^^^^^^^^^^^^^^^^^^^^^^^^^^^^^^^^^^^^^^
  File "/home/airflow/.local/lib/python3.12/site-packages/airflow/models/taskinstance.py", line 432, in _execute_callable
    return execute_callable(context=context, **execute_callable_kwargs)
           ^^^^^^^^^^^^^^^^^^^^^^^^^^^^^^^^^^^^^^^^^^^^^^^^^^^^^^^^^^^^
  File "/home/airflow/.local/lib/python3.12/site-packages/airflow/models/baseoperator.py", line 400, in wrapper
    return func(self, *args, **kwargs)
           ^^^^^^^^^^^^^^^^^^^^^^^^^^^
  File "/home/airflow/.local/lib/python3.12/site-packages/airflow/operators/bash.py", line 243, in execute
    raise AirflowException(
airflow.exceptions.AirflowException: Bash command failed. The command returned a non-zero exit code 2.
[2026-06-15T10:18:37.680+0000] {taskinstance.py:1206} INFO - Marking task as UP_FOR_RETRY. dag_id=dbt_clickhouse_pipeline, task_id=dbt_run_bronze, run_id=scheduled__2026-06-14T00:00:00+00:00, execution_date=20260614T000000, start_date=20260615T101834, end_date=20260615T101837
[2026-06-15T10:18:37.697+0000] {standard_task_runner.py:110} ERROR - Failed to execute job 37 for task dbt_run_bronze (Bash command failed. The command returned a non-zero exit code 2.; 216)
[2026-06-15T10:18:37.707+0000] {local_task_job_runner.py:240} INFO - Task exited with return code 1
[2026-06-15T10:18:37.734+0000] {taskinstance.py:3498} INFO - 0 downstream tasks scheduled from follow-on schedule check
[2026-06-15T10:18:37.736+0000] {local_task_job_runner.py:222} INFO - ::endgroup::
