[2026-06-09T12:58:59.562+0000] {local_task_job_runner.py:120} INFO - ::group::Pre task execution logs
[2026-06-09T12:58:59.629+0000] {taskinstance.py:2076} INFO - Dependencies all met for dep_context=non-requeueable deps ti=<TaskInstance: dbt_clickhouse_pipeline.dbt_run_silver manual__2026-06-09T12:58:51.558890+00:00 [queued]>
[2026-06-09T12:58:59.644+0000] {taskinstance.py:2076} INFO - Dependencies all met for dep_context=requeueable deps ti=<TaskInstance: dbt_clickhouse_pipeline.dbt_run_silver manual__2026-06-09T12:58:51.558890+00:00 [queued]>
[2026-06-09T12:58:59.646+0000] {taskinstance.py:2306} INFO - Starting attempt 1 of 2
[2026-06-09T12:58:59.669+0000] {taskinstance.py:2330} INFO - Executing <Task(BashOperator): dbt_run_silver> on 2026-06-09 12:58:51.558890+00:00
[2026-06-09T12:58:59.677+0000] {standard_task_runner.py:90} INFO - Running: ['***', 'tasks', 'run', 'dbt_clickhouse_pipeline', 'dbt_run_silver', 'manual__2026-06-09T12:58:51.558890+00:00', '--job-id', '18', '--raw', '--subdir', 'DAGS_FOLDER/dbt_dag.py', '--cfg-path', '/tmp/tmpbxane6zb']
[2026-06-09T12:58:59.679+0000] {standard_task_runner.py:91} INFO - Job 18: Subtask dbt_run_silver
[2026-06-09T12:58:59.681+0000] {logging_mixin.py:188} WARNING - /home/***/.local/lib/python3.12/site-packages/***/task/task_runner/standard_task_runner.py:61 DeprecationWarning: This process (pid=793) is multi-threaded, use of fork() may lead to deadlocks in the child.
[2026-06-09T12:58:59.682+0000] {standard_task_runner.py:63} INFO - Started process 794 to run task
[2026-06-09T12:58:59.740+0000] {task_command.py:426} INFO - Running <TaskInstance: dbt_clickhouse_pipeline.dbt_run_silver manual__2026-06-09T12:58:51.558890+00:00 [running]> on host 98e9eef192e8
[2026-06-09T12:58:59.852+0000] {taskinstance.py:2648} INFO - Exporting env vars: AIRFLOW_CTX_DAG_OWNER='***' AIRFLOW_CTX_DAG_ID='dbt_clickhouse_pipeline' AIRFLOW_CTX_TASK_ID='dbt_run_silver' AIRFLOW_CTX_EXECUTION_DATE='2026-06-09T12:58:51.558890+00:00' AIRFLOW_CTX_TRY_NUMBER='1' AIRFLOW_CTX_DAG_RUN_ID='manual__2026-06-09T12:58:51.558890+00:00'
[2026-06-09T12:58:59.854+0000] {taskinstance.py:430} INFO - ::endgroup::
[2026-06-09T12:58:59.879+0000] {subprocess.py:63} INFO - Tmp dir root location: /tmp
[2026-06-09T12:58:59.881+0000] {subprocess.py:75} INFO - Running command: ['/usr/bin/bash', '-c', 'cd /opt/***/dbt/my_dwh_project && dbt run --select silver']
[2026-06-09T12:58:59.896+0000] {subprocess.py:86} INFO - Output:
[2026-06-09T12:59:02.865+0000] {subprocess.py:93} INFO - [0m12:59:02  Running with dbt=1.11.11
[2026-06-09T12:59:03.265+0000] {subprocess.py:93} INFO - [0m12:59:03  Registered adapter: clickhouse=1.10.0
[2026-06-09T12:59:04.065+0000] {subprocess.py:93} INFO - [0m12:59:04  Found 6 models, 4 data tests, 3 sources, 523 macros
[2026-06-09T12:59:04.068+0000] {subprocess.py:93} INFO - [0m12:59:04  The selection criterion 'silver' does not match any enabled nodes
[2026-06-09T12:59:04.071+0000] {subprocess.py:93} INFO - [0m12:59:04  Nothing to do. Try checking your model configs and model specification args
[2026-06-09T12:59:05.398+0000] {subprocess.py:97} INFO - Command exited with return code 0
[2026-06-09T12:59:05.399+0000] {taskinstance.py:441} INFO - ::group::Post task execution logs
[2026-06-09T12:59:05.435+0000] {taskinstance.py:1206} INFO - Marking task as SUCCESS. dag_id=dbt_clickhouse_pipeline, task_id=dbt_run_silver, run_id=manual__2026-06-09T12:58:51.558890+00:00, execution_date=20260609T125851, start_date=20260609T125859, end_date=20260609T125905
[2026-06-09T12:59:05.484+0000] {local_task_job_runner.py:240} INFO - Task exited with return code 0
[2026-06-09T12:59:05.514+0000] {taskinstance.py:3498} INFO - 1 downstream tasks scheduled from follow-on schedule check
[2026-06-09T12:59:05.517+0000] {local_task_job_runner.py:222} INFO - ::endgroup::
