[2026-06-09T12:58:56.162+0000] {local_task_job_runner.py:120} INFO - ::group::Pre task execution logs
[2026-06-09T12:58:56.208+0000] {taskinstance.py:2076} INFO - Dependencies all met for dep_context=non-requeueable deps ti=<TaskInstance: dbt_clickhouse_pipeline.dbt_run_silver scheduled__2026-06-08T00:00:00+00:00 [queued]>
[2026-06-09T12:58:56.224+0000] {taskinstance.py:2076} INFO - Dependencies all met for dep_context=requeueable deps ti=<TaskInstance: dbt_clickhouse_pipeline.dbt_run_silver scheduled__2026-06-08T00:00:00+00:00 [queued]>
[2026-06-09T12:58:56.225+0000] {taskinstance.py:2306} INFO - Starting attempt 1 of 2
[2026-06-09T12:58:56.249+0000] {taskinstance.py:2330} INFO - Executing <Task(BashOperator): dbt_run_silver> on 2026-06-08 00:00:00+00:00
[2026-06-09T12:58:56.260+0000] {standard_task_runner.py:90} INFO - Running: ['***', 'tasks', 'run', 'dbt_clickhouse_pipeline', 'dbt_run_silver', 'scheduled__2026-06-08T00:00:00+00:00', '--job-id', '16', '--raw', '--subdir', 'DAGS_FOLDER/dbt_dag.py', '--cfg-path', '/tmp/tmphdmer7il']
[2026-06-09T12:58:56.264+0000] {standard_task_runner.py:91} INFO - Job 16: Subtask dbt_run_silver
[2026-06-09T12:58:56.265+0000] {logging_mixin.py:188} WARNING - /home/***/.local/lib/python3.12/site-packages/***/task/task_runner/standard_task_runner.py:61 DeprecationWarning: This process (pid=774) is multi-threaded, use of fork() may lead to deadlocks in the child.
[2026-06-09T12:58:56.266+0000] {standard_task_runner.py:63} INFO - Started process 776 to run task
[2026-06-09T12:58:56.335+0000] {task_command.py:426} INFO - Running <TaskInstance: dbt_clickhouse_pipeline.dbt_run_silver scheduled__2026-06-08T00:00:00+00:00 [running]> on host 98e9eef192e8
[2026-06-09T12:58:56.446+0000] {taskinstance.py:2648} INFO - Exporting env vars: AIRFLOW_CTX_DAG_OWNER='***' AIRFLOW_CTX_DAG_ID='dbt_clickhouse_pipeline' AIRFLOW_CTX_TASK_ID='dbt_run_silver' AIRFLOW_CTX_EXECUTION_DATE='2026-06-08T00:00:00+00:00' AIRFLOW_CTX_TRY_NUMBER='1' AIRFLOW_CTX_DAG_RUN_ID='scheduled__2026-06-08T00:00:00+00:00'
[2026-06-09T12:58:56.447+0000] {taskinstance.py:430} INFO - ::endgroup::
[2026-06-09T12:58:56.467+0000] {subprocess.py:63} INFO - Tmp dir root location: /tmp
[2026-06-09T12:58:56.468+0000] {subprocess.py:75} INFO - Running command: ['/usr/bin/bash', '-c', 'cd /opt/***/dbt/my_dwh_project && dbt run --select silver']
[2026-06-09T12:58:56.484+0000] {subprocess.py:86} INFO - Output:
[2026-06-09T12:58:59.205+0000] {subprocess.py:93} INFO - [0m12:58:59  Running with dbt=1.11.11
[2026-06-09T12:58:59.732+0000] {subprocess.py:93} INFO - [0m12:58:59  Registered adapter: clickhouse=1.10.0
[2026-06-09T12:59:00.531+0000] {subprocess.py:93} INFO - [0m12:59:00  Found 6 models, 4 data tests, 3 sources, 523 macros
[2026-06-09T12:59:00.534+0000] {subprocess.py:93} INFO - [0m12:59:00  The selection criterion 'silver' does not match any enabled nodes
[2026-06-09T12:59:00.537+0000] {subprocess.py:93} INFO - [0m12:59:00  Nothing to do. Try checking your model configs and model specification args
[2026-06-09T12:59:01.932+0000] {subprocess.py:97} INFO - Command exited with return code 0
[2026-06-09T12:59:01.933+0000] {taskinstance.py:441} INFO - ::group::Post task execution logs
[2026-06-09T12:59:01.966+0000] {taskinstance.py:1206} INFO - Marking task as SUCCESS. dag_id=dbt_clickhouse_pipeline, task_id=dbt_run_silver, run_id=scheduled__2026-06-08T00:00:00+00:00, execution_date=20260608T000000, start_date=20260609T125856, end_date=20260609T125901
[2026-06-09T12:59:02.026+0000] {local_task_job_runner.py:240} INFO - Task exited with return code 0
[2026-06-09T12:59:02.038+0000] {local_task_job_runner.py:222} INFO - ::endgroup::
